2020-04-28 10:27:37.386+0000 WARN [o.n.k.i.JvmChecker] You are using an unsupported version of the Java runtime. Please use Oracle(R) Java(TM) Runtime Environment 8, OpenJDK(TM) 8 or IBM J9.
2020-04-28 10:27:37.389+0000 INFO [o.n.g.f.m.e.CommunityEditionModule] No locking implementation specified, defaulting to 'forseti'
2020-04-28 10:27:37.402+0000 INFO [o.n.c.s.ExternallyManagedPageCache$GraphDatabaseFactoryWithPageCacheFactory$1] Creating 'neo4jbackup' database.
2020-04-28 10:27:37.403+0000 INFO [o.n.k.i.f.StatementLocksFactorySelector] No services implementing StatementLocksFactory found. Using SimpleStatementLocksFactory
2020-04-28 10:27:37.405+0000 INFO [o.n.k.a.DatabaseAvailabilityGuard] Requirement `Database available` makes database neo4jbackup unavailable.
2020-04-28 10:27:37.405+0000 INFO [o.n.k.a.DatabaseAvailabilityGuard] Database neo4jbackup is unavailable.
2020-04-28 10:27:37.406+0000 INFO [o.n.i.d.DiagnosticsManager] --- INITIALIZED diagnostics START ---
2020-04-28 10:27:37.406+0000 INFO [o.n.i.d.DiagnosticsManager] Neo4j Kernel properties:
2020-04-28 10:27:37.406+0000 INFO [o.n.i.d.DiagnosticsManager] dbms.connector.http.enabled=false
2020-04-28 10:27:37.406+0000 INFO [o.n.i.d.DiagnosticsManager] dbms.active_database=neo4jbackup
2020-04-28 10:27:37.406+0000 INFO [o.n.i.d.DiagnosticsManager] unsupported.dbms.memory.pagecache.warmup.enable=false
2020-04-28 10:27:37.406+0000 INFO [o.n.i.d.DiagnosticsManager] dbms.directories.tx_log=C:\Users\o4516\Desktop\backup\neo4jbackup
2020-04-28 10:27:37.406+0000 INFO [o.n.i.d.DiagnosticsManager] dbms.security.auth_enabled=false
2020-04-28 10:27:37.406+0000 INFO [o.n.i.d.DiagnosticsManager] dbms.windows_service_name=neo4j
2020-04-28 10:27:37.406+0000 INFO [o.n.i.d.DiagnosticsManager] metrics.prometheus.enabled=false
2020-04-28 10:27:37.406+0000 INFO [o.n.i.d.DiagnosticsManager] unsupported.dbms.directories.neo4j_home=C:\Users\o4516\.Neo4jDesktop\neo4jDatabases\database-4b432332-0e92-498d-8619-a37ee2897332\installation-3.5.12
2020-04-28 10:27:37.406+0000 INFO [o.n.i.d.DiagnosticsManager] dbms.directories.import=import
2020-04-28 10:27:37.406+0000 INFO [o.n.i.d.DiagnosticsManager] dbms.memory.heap.initial_size=512m
2020-04-28 10:27:37.406+0000 INFO [o.n.i.d.DiagnosticsManager] unsupported.dbms.directories.databases.root=C:\Users\o4516\Desktop\backup
2020-04-28 10:27:37.406+0000 INFO [o.n.i.d.DiagnosticsManager] dbms.memory.pagecache.size=8m
2020-04-28 10:27:37.406+0000 INFO [o.n.i.d.DiagnosticsManager] unsupported.dbms.ephemeral=false
2020-04-28 10:27:37.406+0000 INFO [o.n.i.d.DiagnosticsManager] dbms.backup.enabled=false
2020-04-28 10:27:37.406+0000 INFO [o.n.i.d.DiagnosticsManager] unsupported.dbms.edition=enterprise
2020-04-28 10:27:37.406+0000 INFO [o.n.i.d.DiagnosticsManager] dbms.directories.logs=C:\Users\o4516\Desktop\backup\neo4jbackup
2020-04-28 10:27:37.406+0000 INFO [o.n.i.d.DiagnosticsManager] dbms.connector.bolt.enabled=false
2020-04-28 10:27:37.406+0000 INFO [o.n.i.d.DiagnosticsManager] dbms.connector.https.enabled=false
2020-04-28 10:27:37.406+0000 INFO [o.n.i.d.DiagnosticsManager] dbms.jvm.additional=-XX:+UseG1GC
2020-04-28 10:27:37.406+0000 INFO [o.n.i.d.DiagnosticsManager] dbms.memory.heap.max_size=1G
2020-04-28 10:27:37.406+0000 INFO [o.n.i.d.DiagnosticsManager] Diagnostics providers:
2020-04-28 10:27:37.406+0000 INFO [o.n.i.d.DiagnosticsManager] org.neo4j.kernel.configuration.Config
2020-04-28 10:27:37.406+0000 INFO [o.n.i.d.DiagnosticsManager] org.neo4j.internal.diagnostics.DiagnosticsManager
2020-04-28 10:27:37.406+0000 INFO [o.n.i.d.DiagnosticsManager] SYSTEM_MEMORY
2020-04-28 10:27:37.406+0000 INFO [o.n.i.d.DiagnosticsManager] JAVA_MEMORY
2020-04-28 10:27:37.406+0000 INFO [o.n.i.d.DiagnosticsManager] OPERATING_SYSTEM
2020-04-28 10:27:37.406+0000 INFO [o.n.i.d.DiagnosticsManager] JAVA_VIRTUAL_MACHINE
2020-04-28 10:27:37.406+0000 INFO [o.n.i.d.DiagnosticsManager] CLASSPATH
2020-04-28 10:27:37.406+0000 INFO [o.n.i.d.DiagnosticsManager] LIBRARY_PATH
2020-04-28 10:27:37.406+0000 INFO [o.n.i.d.DiagnosticsManager] SYSTEM_PROPERTIES
2020-04-28 10:27:37.406+0000 INFO [o.n.i.d.DiagnosticsManager] TIMEZONE_DATABASE
2020-04-28 10:27:37.406+0000 INFO [o.n.i.d.DiagnosticsManager] NETWORK
2020-04-28 10:27:37.406+0000 INFO [o.n.i.d.DiagnosticsManager] System memory information:
2020-04-28 10:27:37.406+0000 INFO [o.n.i.d.DiagnosticsManager] Total Physical memory: 15.88 GB
2020-04-28 10:27:37.406+0000 INFO [o.n.i.d.DiagnosticsManager] Free Physical memory: 8.19 GB
2020-04-28 10:27:37.406+0000 INFO [o.n.i.d.DiagnosticsManager] Committed virtual memory: 577.26 MB
2020-04-28 10:27:37.406+0000 INFO [o.n.i.d.DiagnosticsManager] Total swap space: 18.25 GB
2020-04-28 10:27:37.406+0000 INFO [o.n.i.d.DiagnosticsManager] Free swap space: 7.75 GB
2020-04-28 10:27:37.406+0000 INFO [o.n.i.d.DiagnosticsManager] JVM memory information:
2020-04-28 10:27:37.406+0000 INFO [o.n.i.d.DiagnosticsManager] Free  memory: 178.50 MB
2020-04-28 10:27:37.406+0000 INFO [o.n.i.d.DiagnosticsManager] Total memory: 252.50 MB
2020-04-28 10:27:37.406+0000 INFO [o.n.i.d.DiagnosticsManager] Max   memory: 3.53 GB
2020-04-28 10:27:37.407+0000 INFO [o.n.i.d.DiagnosticsManager] Garbage Collector: PS MarkSweep: [PS Eden Space, PS Survivor Space, PS Old Gen]
2020-04-28 10:27:37.407+0000 INFO [o.n.i.d.DiagnosticsManager] Garbage Collector: PS Scavenge: [PS Eden Space, PS Survivor Space]
2020-04-28 10:27:37.407+0000 INFO [o.n.i.d.DiagnosticsManager] Memory Pool: CodeHeap 'non-nmethods' (Non-heap memory): committed=2.44 MB, used=1.24 MB, max=5.63 MB, threshold=0.00 B
2020-04-28 10:27:37.407+0000 INFO [o.n.i.d.DiagnosticsManager] Memory Pool: Metaspace (Non-heap memory): committed=45.50 MB, used=44.30 MB, max=-1.00 B, threshold=0.00 B
2020-04-28 10:27:37.407+0000 INFO [o.n.i.d.DiagnosticsManager] Memory Pool: CodeHeap 'profiled nmethods' (Non-heap memory): committed=7.56 MB, used=7.51 MB, max=117.19 MB, threshold=0.00 B
2020-04-28 10:27:37.407+0000 INFO [o.n.i.d.DiagnosticsManager] Memory Pool: PS Old Gen (Heap memory): committed=171.00 MB, used=31.61 MB, max=2.65 GB, threshold=0.00 B
2020-04-28 10:27:37.407+0000 INFO [o.n.i.d.DiagnosticsManager] Memory Pool: Compressed Class Space (Non-heap memory): committed=6.00 MB, used=5.57 MB, max=1.00 GB, threshold=0.00 B
2020-04-28 10:27:37.407+0000 INFO [o.n.i.d.DiagnosticsManager] Memory Pool: PS Survivor Space (Heap memory): committed=19.00 MB, used=2.10 MB, max=19.00 MB, threshold=?
2020-04-28 10:27:37.407+0000 INFO [o.n.i.d.DiagnosticsManager] Memory Pool: PS Eden Space (Heap memory): committed=62.50 MB, used=40.29 MB, max=1.29 GB, threshold=?
2020-04-28 10:27:37.407+0000 INFO [o.n.i.d.DiagnosticsManager] Memory Pool: CodeHeap 'non-profiled nmethods' (Non-heap memory): committed=2.44 MB, used=1.83 MB, max=117.19 MB, threshold=0.00 B
2020-04-28 10:27:37.407+0000 INFO [o.n.i.d.DiagnosticsManager] Operating system information:
2020-04-28 10:27:37.407+0000 INFO [o.n.i.d.DiagnosticsManager] Operating System: Windows 10; version: 10.0; arch: amd64; cpus: 12
2020-04-28 10:27:37.407+0000 INFO [o.n.i.d.DiagnosticsManager] Process id: 20144@LAPTOP-LH6MO0RS
2020-04-28 10:27:37.407+0000 INFO [o.n.i.d.DiagnosticsManager] Byte order: LITTLE_ENDIAN
2020-04-28 10:27:37.407+0000 INFO [o.n.i.d.DiagnosticsManager] Local timezone: Asia/Shanghai
2020-04-28 10:27:37.407+0000 INFO [o.n.i.d.DiagnosticsManager] JVM information:
2020-04-28 10:27:37.407+0000 INFO [o.n.i.d.DiagnosticsManager] VM Name: Java HotSpot(TM) 64-Bit Server VM
2020-04-28 10:27:37.407+0000 INFO [o.n.i.d.DiagnosticsManager] VM Vendor: Oracle Corporation
2020-04-28 10:27:37.407+0000 INFO [o.n.i.d.DiagnosticsManager] VM Version: 11.0.1+13-LTS
2020-04-28 10:27:37.407+0000 INFO [o.n.i.d.DiagnosticsManager] JIT compiler: HotSpot 64-Bit Tiered Compilers
2020-04-28 10:27:37.407+0000 INFO [o.n.i.d.DiagnosticsManager] VM Arguments: [-XX:+UseParallelGC, -Dbasedir=C:\Users\o4516\.Neo4jDesktop\neo4jDatabases\database-4b432332-0e92-498d-8619-a37ee2897332\installation-3.5.12, -Dfile.encoding=UTF-8]
2020-04-28 10:27:37.407+0000 INFO [o.n.i.d.DiagnosticsManager] Java classpath:
2020-04-28 10:27:37.435+0000 INFO [o.n.i.d.DiagnosticsManager]  [classpath] C:\Users\o4516\.Neo4jDesktop\neo4jDatabases\database-4b432332-0e92-498d-8619-a37ee2897332\installation-3.5.12\lib\neo4j-bolt-3.5.12.jar
2020-04-28 10:27:37.435+0000 INFO [o.n.i.d.DiagnosticsManager]  [classpath] C:\Users\o4516\.Neo4jDesktop\neo4jDatabases\database-4b432332-0e92-498d-8619-a37ee2897332\installation-3.5.12\lib\neo4j-graph-algo-3.5.12.jar
2020-04-28 10:27:37.435+0000 INFO [o.n.i.d.DiagnosticsManager]  [classpath] C:\Users\o4516\.Neo4jDesktop\neo4jDatabases\database-4b432332-0e92-498d-8619-a37ee2897332\installation-3.5.12\lib\neo4j-csv-3.5.12.jar
2020-04-28 10:27:37.435+0000 INFO [o.n.i.d.DiagnosticsManager]  [classpath] C:\Users\o4516\.Neo4jDesktop\neo4jDatabases\database-4b432332-0e92-498d-8619-a37ee2897332\installation-3.5.12\lib\neo4j-cypher-interpreted-runtime-3.5.12.jar
2020-04-28 10:27:37.435+0000 INFO [o.n.i.d.DiagnosticsManager]  [classpath] C:\Users\o4516\.Neo4jDesktop\neo4jDatabases\database-4b432332-0e92-498d-8619-a37ee2897332\installation-3.5.12\lib\neo4j-data-collector-3.5.12.jar
2020-04-28 10:27:37.436+0000 INFO [o.n.i.d.DiagnosticsManager]  [classpath] C:\Users\o4516\.Neo4jDesktop\neo4jDatabases\database-4b432332-0e92-498d-8619-a37ee2897332\installation-3.5.12\lib\neo4j-cypher-expression-evaluator-3.5.12.jar
2020-04-28 10:27:37.436+0000 INFO [o.n.i.d.DiagnosticsManager]  [classpath] C:\Users\o4516\.Neo4jDesktop\neo4jDatabases\database-4b432332-0e92-498d-8619-a37ee2897332\installation-3.5.12\lib\jackson-core-asl-1.9.13.jar
2020-04-28 10:27:37.436+0000 INFO [o.n.i.d.DiagnosticsManager]  [classpath] C:\Users\o4516\.Neo4jDesktop\neo4jDatabases\database-4b432332-0e92-498d-8619-a37ee2897332\installation-3.5.12\lib\metrics-core-4.0.2.jar
2020-04-28 10:27:37.436+0000 INFO [o.n.i.d.DiagnosticsManager]  [classpath] C:\Users\o4516\.Neo4jDesktop\neo4jDatabases\database-4b432332-0e92-498d-8619-a37ee2897332\installation-3.5.12\lib\neo4j-browser-3.2.20.jar
2020-04-28 10:27:37.436+0000 INFO [o.n.i.d.DiagnosticsManager]  [classpath] C:\Users\o4516\.Neo4jDesktop\neo4jDatabases\database-4b432332-0e92-498d-8619-a37ee2897332\installation-3.5.12\lib\asm-tree-6.2.jar
2020-04-28 10:27:37.436+0000 INFO [o.n.i.d.DiagnosticsManager]  [classpath] C:\Users\o4516\.Neo4jDesktop\neo4jDatabases\database-4b432332-0e92-498d-8619-a37ee2897332\installation-3.5.12\lib\neo4j-cypher-physical-planning-3.5.12.jar
2020-04-28 10:27:37.436+0000 INFO [o.n.i.d.DiagnosticsManager]  [classpath] C:\Users\o4516\.Neo4jDesktop\neo4jDatabases\database-4b432332-0e92-498d-8619-a37ee2897332\installation-3.5.12\lib\simpleclient_dropwizard-0.5.0.jar
2020-04-28 10:27:37.436+0000 INFO [o.n.i.d.DiagnosticsManager]  [classpath] C:\Users\o4516\.Neo4jDesktop\neo4jDatabases\database-4b432332-0e92-498d-8619-a37ee2897332\installation-3.5.12\lib\akka-protobuf_2.11-2.5.22.jar
2020-04-28 10:27:37.436+0000 INFO [o.n.i.d.DiagnosticsManager]  [classpath] C:\Users\o4516\.Neo4jDesktop\neo4jDatabases\database-4b432332-0e92-498d-8619-a37ee2897332\installation-3.5.12\lib\bcprov-jdk15on-1.60.jar
2020-04-28 10:27:37.436+0000 INFO [o.n.i.d.DiagnosticsManager]  [classpath] C:\Users\o4516\.Neo4jDesktop\neo4jDatabases\database-4b432332-0e92-498d-8619-a37ee2897332\installation-3.5.12\lib\jetty-security-9.4.17.v20190418.jar
2020-04-28 10:27:37.436+0000 INFO [o.n.i.d.DiagnosticsManager]  [classpath] C:\Users\o4516\.Neo4jDesktop\neo4jDatabases\database-4b432332-0e92-498d-8619-a37ee2897332\installation-3.5.12\lib\neo4j-cypher-ir-3.5-3.5.12.jar
2020-04-28 10:27:37.436+0000 INFO [o.n.i.d.DiagnosticsManager]  [classpath] C:\Users\o4516\.Neo4jDesktop\neo4jDatabases\database-4b432332-0e92-498d-8619-a37ee2897332\installation-3.5.12\lib\asm-util-6.2.jar
2020-04-28 10:27:37.436+0000 INFO [o.n.i.d.DiagnosticsManager]  [classpath] C:\Users\o4516\.Neo4jDesktop\neo4jDatabases\database-4b432332-0e92-498d-8619-a37ee2897332\installation-3.5.12\lib\neo4j-com-3.5.12.jar
2020-04-28 10:27:37.436+0000 INFO [o.n.i.d.DiagnosticsManager]  [classpath] C:\Users\o4516\.Neo4jDesktop\neo4jDatabases\database-4b432332-0e92-498d-8619-a37ee2897332\installation-3.5.12\lib\neo4j-parser-3.5-3.5.12.jar
2020-04-28 10:27:37.436+0000 INFO [o.n.i.d.DiagnosticsManager]  [classpath] C:\Users\o4516\.Neo4jDesktop\neo4jDatabases\database-4b432332-0e92-498d-8619-a37ee2897332\installation-3.5.12\lib\scallop_2.11-2.1.1.jar
2020-04-28 10:27:37.436+0000 INFO [o.n.i.d.DiagnosticsManager]  [classpath] C:\Users\o4516\.Neo4jDesktop\neo4jDatabases\database-4b432332-0e92-498d-8619-a37ee2897332\installation-3.5.12\lib\asm-analysis-6.2.jar
2020-04-28 10:27:37.436+0000 INFO [o.n.i.d.DiagnosticsManager]  [classpath] C:\Users\o4516\.Neo4jDesktop\neo4jDatabases\database-4b432332-0e92-498d-8619-a37ee2897332\installation-3.5.12\lib\jersey-servlet-1.19.3.jar
2020-04-28 10:27:37.436+0000 INFO [o.n.i.d.DiagnosticsManager]  [classpath] C:\Users\o4516\.Neo4jDesktop\neo4jDatabases\database-4b432332-0e92-498d-8619-a37ee2897332\installation-3.5.12\lib\neo4j-management-3.5.12.jar
2020-04-28 10:27:37.436+0000 INFO [o.n.i.d.DiagnosticsManager]  [classpath] C:\Users\o4516\.Neo4jDesktop\neo4jDatabases\database-4b432332-0e92-498d-8619-a37ee2897332\installation-3.5.12\lib\neo4j-collections-3.5.12.jar
2020-04-28 10:27:37.436+0000 INFO [o.n.i.d.DiagnosticsManager]  [classpath] C:\Users\o4516\.Neo4jDesktop\neo4jDatabases\database-4b432332-0e92-498d-8619-a37ee2897332\installation-3.5.12\lib\shiro-core-1.4.1.jar
2020-04-28 10:27:37.436+0000 INFO [o.n.i.d.DiagnosticsManager]  [classpath] C:\Users\o4516\.Neo4jDesktop\neo4jDatabases\database-4b432332-0e92-498d-8619-a37ee2897332\installation-3.5.12\lib\neo4j-cypher-morsel-runtime-3.5.12.jar
2020-04-28 10:27:37.436+0000 INFO [o.n.i.d.DiagnosticsManager]  [classpath] C:\Users\o4516\.Neo4jDesktop\neo4jDatabases\database-4b432332-0e92-498d-8619-a37ee2897332\installation-3.5.12\lib\commons-configuration-1.10.jar
2020-04-28 10:27:37.436+0000 INFO [o.n.i.d.DiagnosticsManager]  [classpath] C:\Users\o4516\.Neo4jDesktop\neo4jDatabases\database-4b432332-0e92-498d-8619-a37ee2897332\installation-3.5.12\lib\neo4j-commercial-3.5.12.jar
2020-04-28 10:27:37.436+0000 INFO [o.n.i.d.DiagnosticsManager]  [classpath] C:\Users\o4516\.Neo4jDesktop\neo4jDatabases\database-4b432332-0e92-498d-8619-a37ee2897332\installation-3.5.12\lib\concurrentlinkedhashmap-lru-1.4.2.jar
2020-04-28 10:27:37.436+0000 INFO [o.n.i.d.DiagnosticsManager]  [classpath] C:\Users\o4516\.Neo4jDesktop\neo4jDatabases\database-4b432332-0e92-498d-8619-a37ee2897332\installation-3.5.12\lib\neo4j-expressions-3.5-3.5.12.jar
2020-04-28 10:27:37.436+0000 INFO [o.n.i.d.DiagnosticsManager]  [classpath] C:\Users\o4516\.Neo4jDesktop\neo4jDatabases\database-4b432332-0e92-498d-8619-a37ee2897332\installation-3.5.12\lib\neo4j-cypher-runtime-util-3.5.12.jar
2020-04-28 10:27:37.436+0000 INFO [o.n.i.d.DiagnosticsManager]  [classpath] C:\Users\o4516\.Neo4jDesktop\neo4jDatabases\database-4b432332-0e92-498d-8619-a37ee2897332\installation-3.5.12\lib\ssl-config-core_2.11-0.3.7.jar
2020-04-28 10:27:37.436+0000 INFO [o.n.i.d.DiagnosticsManager]  [classpath] C:\Users\o4516\.Neo4jDesktop\neo4jDatabases\database-4b432332-0e92-498d-8619-a37ee2897332\installation-3.5.12\lib\jetty-webapp-9.4.17.v20190418.jar
2020-04-28 10:27:37.436+0000 INFO [o.n.i.d.DiagnosticsManager]  [classpath] C:\Users\o4516\.Neo4jDesktop\neo4jDatabases\database-4b432332-0e92-498d-8619-a37ee2897332\installation-3.5.12\lib\jetty-util-9.4.17.v20190418.jar
2020-04-28 10:27:37.436+0000 INFO [o.n.i.d.DiagnosticsManager]  [classpath] C:\Users\o4516\.Neo4jDesktop\neo4jDatabases\database-4b432332-0e92-498d-8619-a37ee2897332\installation-3.5.12\lib\neo4j-push-to-cloud-3.5.12.jar
2020-04-28 10:27:37.436+0000 INFO [o.n.i.d.DiagnosticsManager]  [classpath] C:\Users\o4516\.Neo4jDesktop\neo4jDatabases\database-4b432332-0e92-498d-8619-a37ee2897332\installation-3.5.12\lib\neo4j-security-commercial-3.5.12.jar
2020-04-28 10:27:37.436+0000 INFO [o.n.i.d.DiagnosticsManager]  [classpath] C:\Users\o4516\.Neo4jDesktop\neo4jDatabases\database-4b432332-0e92-498d-8619-a37ee2897332\installation-3.5.12\lib\jetty-xml-9.4.17.v20190418.jar
2020-04-28 10:27:37.436+0000 INFO [o.n.i.d.DiagnosticsManager]  [classpath] C:\Users\o4516\.Neo4jDesktop\neo4jDatabases\database-4b432332-0e92-498d-8619-a37ee2897332\installation-3.5.12\lib\shiro-event-1.4.1.jar
2020-04-28 10:27:37.436+0000 INFO [o.n.i.d.DiagnosticsManager]  [classpath] C:\Users\o4516\.Neo4jDesktop\neo4jDatabases\database-4b432332-0e92-498d-8619-a37ee2897332\installation-3.5.12\lib\neo4j-annotation-processors-3.5.12.jar
2020-04-28 10:27:37.436+0000 INFO [o.n.i.d.DiagnosticsManager]  [classpath] C:\Users\o4516\.Neo4jDesktop\neo4jDatabases\database-4b432332-0e92-498d-8619-a37ee2897332\installation-3.5.12\lib\caffeine-2.6.2.jar
2020-04-28 10:27:37.436+0000 INFO [o.n.i.d.DiagnosticsManager]  [classpath] C:\Users\o4516\.Neo4jDesktop\neo4jDatabases\database-4b432332-0e92-498d-8619-a37ee2897332\installation-3.5.12\lib\neo4j-lucene-index-3.5.12.jar
2020-04-28 10:27:37.436+0000 INFO [o.n.i.d.DiagnosticsManager]  [classpath] C:\Users\o4516\.Neo4jDesktop\neo4jDatabases\database-4b432332-0e92-498d-8619-a37ee2897332\installation-3.5.12\lib\eclipse-collections-9.2.0.jar
2020-04-28 10:27:37.436+0000 INFO [o.n.i.d.DiagnosticsManager]  [classpath] C:\Users\o4516\.Neo4jDesktop\neo4jDatabases\database-4b432332-0e92-498d-8619-a37ee2897332\installation-3.5.12\lib\neo4j-cypher-compiled-expressions-3.5.12.jar
2020-04-28 10:27:37.436+0000 INFO [o.n.i.d.DiagnosticsManager]  [classpath] C:\Users\o4516\.Neo4jDesktop\neo4jDatabases\database-4b432332-0e92-498d-8619-a37ee2897332\installation-3.5.12\lib\neo4j-configuration-3.5.12.jar
2020-04-28 10:27:37.436+0000 INFO [o.n.i.d.DiagnosticsManager]  [classpath] C:\Users\o4516\.Neo4jDesktop\neo4jDatabases\database-4b432332-0e92-498d-8619-a37ee2897332\installation-3.5.12\lib\simpleclient-0.5.0.jar
2020-04-28 10:27:37.436+0000 INFO [o.n.i.d.DiagnosticsManager]  [classpath] C:\Users\o4516\.Neo4jDesktop\neo4jDatabases\database-4b432332-0e92-498d-8619-a37ee2897332\installation-3.5.12\lib\lucene-core-5.5.5.jar
2020-04-28 10:27:37.436+0000 INFO [o.n.i.d.DiagnosticsManager]  [classpath] C:\Users\o4516\.Neo4jDesktop\neo4jDatabases\database-4b432332-0e92-498d-8619-a37ee2897332\installation-3.5.12\lib\jPowerShell-1.9.jar
2020-04-28 10:27:37.436+0000 INFO [o.n.i.d.DiagnosticsManager]  [classpath] C:\Users\o4516\.Neo4jDesktop\neo4jDatabases\database-4b432332-0e92-498d-8619-a37ee2897332\installation-3.5.12\lib\commons-logging-1.1.1.jar
2020-04-28 10:27:37.436+0000 INFO [o.n.i.d.DiagnosticsManager]  [classpath] C:\Users\o4516\.Neo4jDesktop\neo4jDatabases\database-4b432332-0e92-498d-8619-a37ee2897332\installation-3.5.12\lib\neo4j-cypher-3.5.12.jar
2020-04-28 10:27:37.436+0000 INFO [o.n.i.d.DiagnosticsManager]  [classpath] C:\Users\o4516\.Neo4jDesktop\neo4jDatabases\database-4b432332-0e92-498d-8619-a37ee2897332\installation-3.5.12\lib\netty-all-4.1.32.Final.jar
2020-04-28 10:27:37.436+0000 INFO [o.n.i.d.DiagnosticsManager]  [classpath] C:\Users\o4516\.Neo4jDesktop\neo4jDatabases\database-4b432332-0e92-498d-8619-a37ee2897332\installation-3.5.12\lib\shiro-cache-1.4.1.jar
2020-04-28 10:27:37.436+0000 INFO [o.n.i.d.DiagnosticsManager]  [classpath] C:\Users\o4516\.Neo4jDesktop\neo4jDatabases\database-4b432332-0e92-498d-8619-a37ee2897332\installation-3.5.12\lib\neo4j-command-line-3.5.12.jar
2020-04-28 10:27:37.436+0000 INFO [o.n.i.d.DiagnosticsManager]  [classpath] C:\Users\o4516\.Neo4jDesktop\neo4jDatabases\database-4b432332-0e92-498d-8619-a37ee2897332\installation-3.5.12\lib\neo4j-ast-3.5-3.5.12.jar
2020-04-28 10:27:37.436+0000 INFO [o.n.i.d.DiagnosticsManager]  [classpath] C:\Users\o4516\.Neo4jDesktop\neo4jDatabases\database-4b432332-0e92-498d-8619-a37ee2897332\installation-3.5.12\lib\neo4j-cypher-planner-spi-3.5-3.5.12.jar
2020-04-28 10:27:37.436+0000 INFO [o.n.i.d.DiagnosticsManager]  [classpath] C:\Users\o4516\.Neo4jDesktop\neo4jDatabases\database-4b432332-0e92-498d-8619-a37ee2897332\installation-3.5.12\lib\neo4j-diagnostics-3.5.12.jar
2020-04-28 10:27:37.436+0000 INFO [o.n.i.d.DiagnosticsManager]  [classpath] C:\Users\o4516\.Neo4jDesktop\neo4jDatabases\database-4b432332-0e92-498d-8619-a37ee2897332\installation-3.5.12\lib\neo4j-cypher-frontend-3.1-3.1.9.jar
2020-04-28 10:27:37.436+0000 INFO [o.n.i.d.DiagnosticsManager]  [classpath] C:\Users\o4516\.Neo4jDesktop\neo4jDatabases\database-4b432332-0e92-498d-8619-a37ee2897332\installation-3.5.12\lib\akka-distributed-data_2.11-2.5.22.jar
2020-04-28 10:27:37.436+0000 INFO [o.n.i.d.DiagnosticsManager]  [classpath] C:\Users\o4516\.Neo4jDesktop\neo4jDatabases\database-4b432332-0e92-498d-8619-a37ee2897332\installation-3.5.12\lib\server-api-3.5.12.jar
2020-04-28 10:27:37.436+0000 INFO [o.n.i.d.DiagnosticsManager]  [classpath] C:\Users\o4516\.Neo4jDesktop\neo4jDatabases\database-4b432332-0e92-498d-8619-a37ee2897332\installation-3.5.12\lib\slf4j-nop-1.7.25.jar
2020-04-28 10:27:37.436+0000 INFO [o.n.i.d.DiagnosticsManager]  [classpath] C:\Users\o4516\.Neo4jDesktop\neo4jDatabases\database-4b432332-0e92-498d-8619-a37ee2897332\installation-3.5.12\lib\commons-lang-2.6.jar
2020-04-28 10:27:37.436+0000 INFO [o.n.i.d.DiagnosticsManager]  [classpath] C:\Users\o4516\.Neo4jDesktop\neo4jDatabases\database-4b432332-0e92-498d-8619-a37ee2897332\installation-3.5.12\lib\neo4j-kernel-api-3.5.12.jar
2020-04-28 10:27:37.436+0000 INFO [o.n.i.d.DiagnosticsManager]  [classpath] C:\Users\o4516\.Neo4jDesktop\neo4jDatabases\database-4b432332-0e92-498d-8619-a37ee2897332\installation-3.5.12\lib\lz4-1.3.0.jar
2020-04-28 10:27:37.436+0000 INFO [o.n.i.d.DiagnosticsManager]  [classpath] C:\Users\o4516\.Neo4jDesktop\neo4jDatabases\database-4b432332-0e92-498d-8619-a37ee2897332\installation-3.5.12\lib\jetty-io-9.4.17.v20190418.jar
2020-04-28 10:27:37.436+0000 INFO [o.n.i.d.DiagnosticsManager]  [classpath] C:\Users\o4516\.Neo4jDesktop\neo4jDatabases\database-4b432332-0e92-498d-8619-a37ee2897332\installation-3.5.12\lib\neo4j-3.5.12.jar
2020-04-28 10:27:37.436+0000 INFO [o.n.i.d.DiagnosticsManager]  [classpath] C:\Users\o4516\.Neo4jDesktop\neo4jDatabases\database-4b432332-0e92-498d-8619-a37ee2897332\installation-3.5.12\lib\jersey-server-1.19.3.jar
2020-04-28 10:27:37.436+0000 INFO [o.n.i.d.DiagnosticsManager]  [classpath] C:\Users\o4516\.Neo4jDesktop\neo4jDatabases\database-4b432332-0e92-498d-8619-a37ee2897332\installation-3.5.12\lib\neo4j-backup-3.5.12.jar
2020-04-28 10:27:37.436+0000 INFO [o.n.i.d.DiagnosticsManager]  [classpath] C:\Users\o4516\.Neo4jDesktop\neo4jDatabases\database-4b432332-0e92-498d-8619-a37ee2897332\installation-3.5.12\lib\neo4j-cypher-planner-3.5-3.5.12.jar
2020-04-28 10:27:37.436+0000 INFO [o.n.i.d.DiagnosticsManager]  [classpath] C:\Users\o4516\.Neo4jDesktop\neo4jDatabases\database-4b432332-0e92-498d-8619-a37ee2897332\installation-3.5.12\lib\commons-io-2.6.jar
2020-04-28 10:27:37.436+0000 INFO [o.n.i.d.DiagnosticsManager]  [classpath] C:\Users\o4516\.Neo4jDesktop\neo4jDatabases\database-4b432332-0e92-498d-8619-a37ee2897332\installation-3.5.12\lib\neo4j-graphdb-api-3.5.12.jar
2020-04-28 10:27:37.436+0000 INFO [o.n.i.d.DiagnosticsManager]  [classpath] C:\Users\o4516\.Neo4jDesktop\neo4jDatabases\database-4b432332-0e92-498d-8619-a37ee2897332\installation-3.5.12\lib\openCypher-frontend-1-3.4.15.jar
2020-04-28 10:27:37.436+0000 INFO [o.n.i.d.DiagnosticsManager]  [classpath] C:\Users\o4516\.Neo4jDesktop\neo4jDatabases\database-4b432332-0e92-498d-8619-a37ee2897332\installation-3.5.12\lib\neo4j-ssl-3.5.12.jar
2020-04-28 10:27:37.436+0000 INFO [o.n.i.d.DiagnosticsManager]  [classpath] C:\Users\o4516\.Neo4jDesktop\neo4jDatabases\database-4b432332-0e92-498d-8619-a37ee2897332\installation-3.5.12\lib\reactive-streams-1.0.2.jar
2020-04-28 10:27:37.436+0000 INFO [o.n.i.d.DiagnosticsManager]  [classpath] C:\Users\o4516\.Neo4jDesktop\neo4jDatabases\database-4b432332-0e92-498d-8619-a37ee2897332\installation-3.5.12\lib\akka-actor_2.11-2.5.22.jar
2020-04-28 10:27:37.436+0000 INFO [o.n.i.d.DiagnosticsManager]  [classpath] C:\Users\o4516\.Neo4jDesktop\neo4jDatabases\database-4b432332-0e92-498d-8619-a37ee2897332\installation-3.5.12\lib\neo4j-cypher-compiler-3.1-3.1.9.jar
2020-04-28 10:27:37.436+0000 INFO [o.n.i.d.DiagnosticsManager]  [classpath] C:\Users\o4516\.Neo4jDesktop\neo4jDatabases\database-4b432332-0e92-498d-8619-a37ee2897332\installation-3.5.12\lib\neo4j-cypher-planner-spi-3.4-3.4.15.jar
2020-04-28 10:27:37.436+0000 INFO [o.n.i.d.DiagnosticsManager]  [classpath] C:\Users\o4516\.Neo4jDesktop\neo4jDatabases\database-4b432332-0e92-498d-8619-a37ee2897332\installation-3.5.12\lib\netty-3.9.9.Final.jar
2020-04-28 10:27:37.436+0000 INFO [o.n.i.d.DiagnosticsManager]  [classpath] C:\Users\o4516\.Neo4jDesktop\neo4jDatabases\database-4b432332-0e92-498d-8619-a37ee2897332\installation-3.5.12\lib\shiro-crypto-cipher-1.4.1.jar
2020-04-28 10:27:37.436+0000 INFO [o.n.i.d.DiagnosticsManager]  [classpath] C:\Users\o4516\.Neo4jDesktop\neo4jDatabases\database-4b432332-0e92-498d-8619-a37ee2897332\installation-3.5.12\lib\neo4j-cypher-planner-3.4-3.4.15.jar
2020-04-28 10:27:37.436+0000 INFO [o.n.i.d.DiagnosticsManager]  [classpath] C:\Users\o4516\.Neo4jDesktop\neo4jDatabases\database-4b432332-0e92-498d-8619-a37ee2897332\installation-3.5.12\lib\neo4j-server-enterprise-3.5.12.jar
2020-04-28 10:27:37.436+0000 INFO [o.n.i.d.DiagnosticsManager]  [classpath] C:\Users\o4516\.Neo4jDesktop\neo4jDatabases\database-4b432332-0e92-498d-8619-a37ee2897332\installation-3.5.12\lib\shiro-crypto-hash-1.4.1.jar
2020-04-28 10:27:37.436+0000 INFO [o.n.i.d.DiagnosticsManager]  [classpath] C:\Users\o4516\.Neo4jDesktop\neo4jDatabases\database-4b432332-0e92-498d-8619-a37ee2897332\installation-3.5.12\lib\neo4j-values-3.5.12.jar
2020-04-28 10:27:37.436+0000 INFO [o.n.i.d.DiagnosticsManager]  [classpath] C:\Users\o4516\.Neo4jDesktop\neo4jDatabases\database-4b432332-0e92-498d-8619-a37ee2897332\installation-3.5.12\lib\shiro-lang-1.4.1.jar
2020-04-28 10:27:37.436+0000 INFO [o.n.i.d.DiagnosticsManager]  [classpath] C:\Users\o4516\.Neo4jDesktop\neo4jDatabases\database-4b432332-0e92-498d-8619-a37ee2897332\installation-3.5.12\bin
2020-04-28 10:27:37.436+0000 INFO [o.n.i.d.DiagnosticsManager]  [classpath] C:\Users\o4516\.Neo4jDesktop\neo4jDatabases\database-4b432332-0e92-498d-8619-a37ee2897332\installation-3.5.12\lib\agrona-0.9.31.jar
2020-04-28 10:27:37.436+0000 INFO [o.n.i.d.DiagnosticsManager]  [classpath] C:\Users\o4516\.Neo4jDesktop\neo4jDatabases\database-4b432332-0e92-498d-8619-a37ee2897332\installation-3.5.12\lib\neo4j-lucene-upgrade-3.5.12.jar
2020-04-28 10:27:37.436+0000 INFO [o.n.i.d.DiagnosticsManager]  [classpath] C:\Users\o4516\.Neo4jDesktop\neo4jDatabases\database-4b432332-0e92-498d-8619-a37ee2897332\installation-3.5.12\lib\neo4j-udc-3.5.12.jar
2020-04-28 10:27:37.436+0000 INFO [o.n.i.d.DiagnosticsManager]  [classpath] C:\Users\o4516\.Neo4jDesktop\neo4jDatabases\database-4b432332-0e92-498d-8619-a37ee2897332\installation-3.5.12\lib\jProcesses-1.6.4.jar
2020-04-28 10:27:37.436+0000 INFO [o.n.i.d.DiagnosticsManager]  [classpath] C:\Users\o4516\.Neo4jDesktop\neo4jDatabases\database-4b432332-0e92-498d-8619-a37ee2897332\installation-3.5.12\lib\neo4j-cypher-slotted-runtime-3.5.12.jar
2020-04-28 10:27:37.436+0000 INFO [o.n.i.d.DiagnosticsManager]  [classpath] C:\Users\o4516\.Neo4jDesktop\neo4jDatabases\database-4b432332-0e92-498d-8619-a37ee2897332\installation-3.5.12\lib\scala-library-2.11.12.jar
2020-04-28 10:27:37.436+0000 INFO [o.n.i.d.DiagnosticsManager]  [classpath] C:\Users\o4516\.Neo4jDesktop\neo4jDatabases\database-4b432332-0e92-498d-8619-a37ee2897332\installation-3.5.12\lib\neo4j-io-3.5.12.jar
2020-04-28 10:27:37.436+0000 INFO [o.n.i.d.DiagnosticsManager]  [classpath] C:\Users\o4516\.Neo4jDesktop\neo4jDatabases\database-4b432332-0e92-498d-8619-a37ee2897332\installation-3.5.12\lib\activation-1.1.1.jar
2020-04-28 10:27:37.436+0000 INFO [o.n.i.d.DiagnosticsManager]  [classpath] C:\Users\o4516\.Neo4jDesktop\neo4jDatabases\database-4b432332-0e92-498d-8619-a37ee2897332\installation-3.5.12\lib\jersey-core-1.19.3.jar
2020-04-28 10:27:37.436+0000 INFO [o.n.i.d.DiagnosticsManager]  [classpath] C:\Users\o4516\.Neo4jDesktop\neo4jDatabases\database-4b432332-0e92-498d-8619-a37ee2897332\installation-3.5.12\lib\neo4j-enterprise-cypher-3.5.12.jar
2020-04-28 10:27:37.436+0000 INFO [o.n.i.d.DiagnosticsManager]  [classpath] C:\Users\o4516\.Neo4jDesktop\neo4jDatabases\database-4b432332-0e92-498d-8619-a37ee2897332\installation-3.5.12\lib\jakarta.activation-api-1.2.1.jar
2020-04-28 10:27:37.436+0000 INFO [o.n.i.d.DiagnosticsManager]  [classpath] C:\Users\o4516\.Neo4jDesktop\neo4jDatabases\database-4b432332-0e92-498d-8619-a37ee2897332\installation-3.5.12\lib\neo4j-server-3.5.12.jar
2020-04-28 10:27:37.436+0000 INFO [o.n.i.d.DiagnosticsManager]  [classpath] C:\Users\o4516\.Neo4jDesktop\neo4jDatabases\database-4b432332-0e92-498d-8619-a37ee2897332\installation-3.5.12\lib\scala-java8-compat_2.11-0.7.0.jar
2020-04-28 10:27:37.436+0000 INFO [o.n.i.d.DiagnosticsManager]  [classpath] C:\Users\o4516\.Neo4jDesktop\neo4jDatabases\database-4b432332-0e92-498d-8619-a37ee2897332\installation-3.5.12\lib\asm-6.2.jar
2020-04-28 10:27:37.436+0000 INFO [o.n.i.d.DiagnosticsManager]  [classpath] C:\Users\o4516\.Neo4jDesktop\neo4jDatabases\database-4b432332-0e92-498d-8619-a37ee2897332\installation-3.5.12\lib\neo4j-spatial-index-3.5.12.jar
2020-04-28 10:27:37.436+0000 INFO [o.n.i.d.DiagnosticsManager]  [classpath] C:\Users\o4516\.Neo4jDesktop\neo4jDatabases\database-4b432332-0e92-498d-8619-a37ee2897332\installation-3.5.12\lib\lucene-analyzers-common-5.5.5.jar
2020-04-28 10:27:37.436+0000 INFO [o.n.i.d.DiagnosticsManager]  [classpath] C:\Users\o4516\.Neo4jDesktop\neo4jDatabases\database-4b432332-0e92-498d-8619-a37ee2897332\installation-3.5.12\lib\jetty-http-9.4.17.v20190418.jar
2020-04-28 10:27:37.436+0000 INFO [o.n.i.d.DiagnosticsManager]  [classpath] C:\Users\o4516\.Neo4jDesktop\neo4jDatabases\database-4b432332-0e92-498d-8619-a37ee2897332\installation-3.5.12\lib\simpleclient_common-0.5.0.jar
2020-04-28 10:27:37.436+0000 INFO [o.n.i.d.DiagnosticsManager]  [classpath] C:\Users\o4516\.Neo4jDesktop\neo4jDatabases\database-4b432332-0e92-498d-8619-a37ee2897332\installation-3.5.12\lib\javax.servlet-api-3.1.0.jar
2020-04-28 10:27:37.436+0000 INFO [o.n.i.d.DiagnosticsManager]  [classpath] C:\Users\o4516\.Neo4jDesktop\neo4jDatabases\database-4b432332-0e92-498d-8619-a37ee2897332\installation-3.5.12\lib\lucene-queryparser-5.5.5.jar
2020-04-28 10:27:37.436+0000 INFO [o.n.i.d.DiagnosticsManager]  [classpath] C:\Users\o4516\.Neo4jDesktop\neo4jDatabases\database-4b432332-0e92-498d-8619-a37ee2897332\installation-3.5.12\lib\neo4j-util-3.5-3.5.12.jar
2020-04-28 10:27:37.436+0000 INFO [o.n.i.d.DiagnosticsManager]  [classpath] C:\Users\o4516\.Neo4jDesktop\neo4jDatabases\database-4b432332-0e92-498d-8619-a37ee2897332\installation-3.5.12\lib\jsr311-api-1.1.2.r612.jar
2020-04-28 10:27:37.436+0000 INFO [o.n.i.d.DiagnosticsManager]  [classpath] C:\Users\o4516\.Neo4jDesktop\neo4jDatabases\database-4b432332-0e92-498d-8619-a37ee2897332\installation-3.5.12\lib\jline-2.14.3.jar
2020-04-28 10:27:37.436+0000 INFO [o.n.i.d.DiagnosticsManager]  [classpath] C:\Users\o4516\.Neo4jDesktop\neo4jDatabases\database-4b432332-0e92-498d-8619-a37ee2897332\installation-3.5.12\lib\akka-coordination_2.11-2.5.22.jar
2020-04-28 10:27:37.436+0000 INFO [o.n.i.d.DiagnosticsManager]  [classpath] C:\Users\o4516\.Neo4jDesktop\neo4jDatabases\database-4b432332-0e92-498d-8619-a37ee2897332\installation-3.5.12\lib\neo4j-common-3.5.12.jar
2020-04-28 10:27:37.436+0000 INFO [o.n.i.d.DiagnosticsManager]  [classpath] C:\Users\o4516\.Neo4jDesktop\neo4jDatabases\database-4b432332-0e92-498d-8619-a37ee2897332\installation-3.5.12\lib\scala-parser-combinators_2.11-1.1.1.jar
2020-04-28 10:27:37.436+0000 INFO [o.n.i.d.DiagnosticsManager]  [classpath] C:\Users\o4516\.Neo4jDesktop\neo4jDatabases\database-4b432332-0e92-498d-8619-a37ee2897332\installation-3.5.12\lib\WMI4Java-1.6.1.jar
2020-04-28 10:27:37.436+0000 INFO [o.n.i.d.DiagnosticsManager]  [classpath] C:\Users\o4516\.Neo4jDesktop\neo4jDatabases\database-4b432332-0e92-498d-8619-a37ee2897332\installation-3.5.12\lib\neo4j-cluster-3.5.12.jar
2020-04-28 10:27:37.436+0000 INFO [o.n.i.d.DiagnosticsManager]  [classpath] C:\Users\o4516\.Neo4jDesktop\neo4jDatabases\database-4b432332-0e92-498d-8619-a37ee2897332\installation-3.5.12\lib\commons-beanutils-1.9.3.jar
2020-04-28 10:27:37.436+0000 INFO [o.n.i.d.DiagnosticsManager]  [classpath] C:\Users\o4516\.Neo4jDesktop\neo4jDatabases\database-4b432332-0e92-498d-8619-a37ee2897332\installation-3.5.12\lib\neo4j-auth-plugin-api-3.5.12.jar
2020-04-28 10:27:37.436+0000 INFO [o.n.i.d.DiagnosticsManager]  [classpath] C:\Users\o4516\.Neo4jDesktop\neo4jDatabases\database-4b432332-0e92-498d-8619-a37ee2897332\installation-3.5.12\lib\aeron-client-1.15.1.jar
2020-04-28 10:27:37.436+0000 INFO [o.n.i.d.DiagnosticsManager]  [classpath] C:\Users\o4516\.Neo4jDesktop\neo4jDatabases\database-4b432332-0e92-498d-8619-a37ee2897332\installation-3.5.12\lib\parboiled-scala_2.11-1.1.7.jar
2020-04-28 10:27:37.436+0000 INFO [o.n.i.d.DiagnosticsManager]  [classpath] C:\Users\o4516\.Neo4jDesktop\neo4jDatabases\database-4b432332-0e92-498d-8619-a37ee2897332\installation-3.5.12\lib\slf4j-api-1.7.25.jar
2020-04-28 10:27:37.436+0000 INFO [o.n.i.d.DiagnosticsManager]  [classpath] C:\Users\o4516\.Neo4jDesktop\neo4jDatabases\database-4b432332-0e92-498d-8619-a37ee2897332\installation-3.5.12\lib\neo4j-logging-3.5.12.jar
2020-04-28 10:27:37.436+0000 INFO [o.n.i.d.DiagnosticsManager]  [classpath] C:\Users\o4516\.Neo4jDesktop\neo4jDatabases\database-4b432332-0e92-498d-8619-a37ee2897332\installation-3.5.12\lib\kiama_2.11-2.1.0.jar
2020-04-28 10:27:37.436+0000 INFO [o.n.i.d.DiagnosticsManager]  [classpath] C:\Users\o4516\.Neo4jDesktop\neo4jDatabases\database-4b432332-0e92-498d-8619-a37ee2897332\installation-3.5.12\lib\jackson-jaxrs-1.9.13.jar
2020-04-28 10:27:37.436+0000 INFO [o.n.i.d.DiagnosticsManager]  [classpath] C:\Users\o4516\.Neo4jDesktop\neo4jDatabases\database-4b432332-0e92-498d-8619-a37ee2897332\installation-3.5.12\lib\neo4j-resource-3.5.12.jar
2020-04-28 10:27:37.436+0000 INFO [o.n.i.d.DiagnosticsManager]  [classpath] C:\Users\o4516\.Neo4jDesktop\neo4jDatabases\database-4b432332-0e92-498d-8619-a37ee2897332\installation-3.5.12\lib\neo4j-cypher-compiler-2.3-2.3.12.jar
2020-04-28 10:27:37.436+0000 INFO [o.n.i.d.DiagnosticsManager]  [classpath] C:\Users\o4516\.Neo4jDesktop\neo4jDatabases\database-4b432332-0e92-498d-8619-a37ee2897332\installation-3.5.12\lib\shiro-config-core-1.4.1.jar
2020-04-28 10:27:37.436+0000 INFO [o.n.i.d.DiagnosticsManager]  [classpath] C:\Users\o4516\.Neo4jDesktop\neo4jDatabases\database-4b432332-0e92-498d-8619-a37ee2897332\installation-3.5.12\lib\neo4j-server-commercial-3.5.12.jar
2020-04-28 10:27:37.436+0000 INFO [o.n.i.d.DiagnosticsManager]  [classpath] C:\Users\o4516\.Neo4jDesktop\neo4jDatabases\database-4b432332-0e92-498d-8619-a37ee2897332\installation-3.5.12\lib\FastInfoset-1.2.16.jar
2020-04-28 10:27:37.436+0000 INFO [o.n.i.d.DiagnosticsManager]  [classpath] C:\Users\o4516\.Neo4jDesktop\neo4jDatabases\database-4b432332-0e92-498d-8619-a37ee2897332\installation-3.5.12\lib\neo4j-jmx-3.5.12.jar
2020-04-28 10:27:37.436+0000 INFO [o.n.i.d.DiagnosticsManager]  [classpath] C:\Users\o4516\.Neo4jDesktop\neo4jDatabases\database-4b432332-0e92-498d-8619-a37ee2897332\installation-3.5.12\lib\eclipse-collections-api-9.2.0.jar
2020-04-28 10:27:37.436+0000 INFO [o.n.i.d.DiagnosticsManager]  [classpath] C:\Users\o4516\.Neo4jDesktop\neo4jDatabases\database-4b432332-0e92-498d-8619-a37ee2897332\installation-3.5.12\lib\jaxb-api-2.3.0.jar
2020-04-28 10:27:37.436+0000 INFO [o.n.i.d.DiagnosticsManager]  [classpath] C:\Users\o4516\.Neo4jDesktop\neo4jDatabases\database-4b432332-0e92-498d-8619-a37ee2897332\installation-3.5.12\lib\scala-reflect-2.11.12.jar
2020-04-28 10:27:37.436+0000 INFO [o.n.i.d.DiagnosticsManager]  [classpath] C:\Users\o4516\.Neo4jDesktop\neo4jDatabases\database-4b432332-0e92-498d-8619-a37ee2897332\installation-3.5.12\lib\aeron-driver-1.15.1.jar
2020-04-28 10:27:37.436+0000 INFO [o.n.i.d.DiagnosticsManager]  [classpath] C:\Users\o4516\.Neo4jDesktop\neo4jDatabases\database-4b432332-0e92-498d-8619-a37ee2897332\installation-3.5.12\lib\shiro-crypto-core-1.4.1.jar
2020-04-28 10:27:37.436+0000 INFO [o.n.i.d.DiagnosticsManager]  [classpath] C:\Users\o4516\.Neo4jDesktop\neo4jDatabases\database-4b432332-0e92-498d-8619-a37ee2897332\installation-3.5.12\lib\jackson-mapper-asl-1.9.13.jar
2020-04-28 10:27:37.436+0000 INFO [o.n.i.d.DiagnosticsManager]  [classpath] C:\Users\o4516\.Neo4jDesktop\neo4jDatabases\database-4b432332-0e92-498d-8619-a37ee2897332\installation-3.5.12\lib\neo4j-enterprise-kernel-3.5.12.jar
2020-04-28 10:27:37.436+0000 INFO [o.n.i.d.DiagnosticsManager]  [classpath] C:\Users\o4516\.Neo4jDesktop\neo4jDatabases\database-4b432332-0e92-498d-8619-a37ee2897332\installation-3.5.12\lib\neo4j-legacy-3.5.12.jar
2020-04-28 10:27:37.436+0000 INFO [o.n.i.d.DiagnosticsManager]  [classpath] C:\Users\o4516\.Neo4jDesktop\neo4jDatabases\database-4b432332-0e92-498d-8619-a37ee2897332\installation-3.5.12\lib\akka-cluster_2.11-2.5.22.jar
2020-04-28 10:27:37.436+0000 INFO [o.n.i.d.DiagnosticsManager]  [classpath] C:\Users\o4516\.Neo4jDesktop\neo4jDatabases\database-4b432332-0e92-498d-8619-a37ee2897332\installation-3.5.12\lib\stax-ex-1.8.1.jar
2020-04-28 10:27:37.436+0000 INFO [o.n.i.d.DiagnosticsManager]  [classpath] C:\Users\o4516\.Neo4jDesktop\neo4jDatabases\database-4b432332-0e92-498d-8619-a37ee2897332\installation-3.5.12\lib\neo4j-kernel-3.5.12.jar
2020-04-28 10:27:37.436+0000 INFO [o.n.i.d.DiagnosticsManager]  [classpath] C:\Users\o4516\.Neo4jDesktop\neo4jDatabases\database-4b432332-0e92-498d-8619-a37ee2897332\installation-3.5.12\lib\akka-stream_2.11-2.5.22.jar
2020-04-28 10:27:37.436+0000 INFO [o.n.i.d.DiagnosticsManager]  [classpath] C:\Users\o4516\.Neo4jDesktop\neo4jDatabases\database-4b432332-0e92-498d-8619-a37ee2897332\installation-3.5.12\lib\lucene-codecs-5.5.5.jar
2020-04-28 10:27:37.436+0000 INFO [o.n.i.d.DiagnosticsManager]  [classpath] C:\Users\o4516\.Neo4jDesktop\neo4jDatabases\database-4b432332-0e92-498d-8619-a37ee2897332\installation-3.5.12\lib\neo4j-cypher-util-3.4-3.4.15.jar
2020-04-28 10:27:37.436+0000 INFO [o.n.i.d.DiagnosticsManager]  [classpath] C:\Users\o4516\.Neo4jDesktop\neo4jDatabases\database-4b432332-0e92-498d-8619-a37ee2897332\installation-3.5.12\lib\neo4j-unsafe-3.5.12.jar
2020-04-28 10:27:37.436+0000 INFO [o.n.i.d.DiagnosticsManager]  [classpath] C:\Users\o4516\.Neo4jDesktop\neo4jDatabases\database-4b432332-0e92-498d-8619-a37ee2897332\installation-3.5.12\lib\bcpkix-jdk15on-1.60.jar
2020-04-28 10:27:37.436+0000 INFO [o.n.i.d.DiagnosticsManager]  [classpath] C:\Users\o4516\.Neo4jDesktop\neo4jDatabases\database-4b432332-0e92-498d-8619-a37ee2897332\installation-3.5.12\lib\neo4j-cypher-frontend-2.3-2.3.12.jar
2020-04-28 10:27:37.436+0000 INFO [o.n.i.d.DiagnosticsManager]  [classpath] C:\Users\o4516\.Neo4jDesktop\neo4jDatabases\database-4b432332-0e92-498d-8619-a37ee2897332\installation-3.5.12\lib\jetty-client-9.4.17.v20190418.jar
2020-04-28 10:27:37.436+0000 INFO [o.n.i.d.DiagnosticsManager]  [classpath] C:\Users\o4516\.Neo4jDesktop\neo4jDatabases\database-4b432332-0e92-498d-8619-a37ee2897332\installation-3.5.12\lib\neo4j-procedure-api-3.5.12.jar
2020-04-28 10:27:37.436+0000 INFO [o.n.i.d.DiagnosticsManager]  [classpath] C:\Users\o4516\.Neo4jDesktop\neo4jDatabases\database-4b432332-0e92-498d-8619-a37ee2897332\installation-3.5.12\lib\neo4j-cypher-ir-3.4-3.4.15.jar
2020-04-28 10:27:37.436+0000 INFO [o.n.i.d.DiagnosticsManager]  [classpath] C:\Users\o4516\.Neo4jDesktop\neo4jDatabases\database-4b432332-0e92-498d-8619-a37ee2897332\installation-3.5.12\lib\opencsv-2.3.jar
2020-04-28 10:27:37.436+0000 INFO [o.n.i.d.DiagnosticsManager]  [classpath] C:\Users\o4516\.Neo4jDesktop\neo4jDatabases\database-4b432332-0e92-498d-8619-a37ee2897332\installation-3.5.12\lib\hazelcast-all-3.7.8.jar
2020-04-28 10:27:37.436+0000 INFO [o.n.i.d.DiagnosticsManager]  [classpath] C:\Users\o4516\.Neo4jDesktop\neo4jDatabases\database-4b432332-0e92-498d-8619-a37ee2897332\installation-3.5.12\lib\shiro-config-ogdl-1.4.1.jar
2020-04-28 10:27:37.436+0000 INFO [o.n.i.d.DiagnosticsManager]  [classpath] C:\Users\o4516\.Neo4jDesktop\neo4jDatabases\database-4b432332-0e92-498d-8619-a37ee2897332\installation-3.5.12\lib\neo4j-fulltext-index-3.5.12.jar
2020-04-28 10:27:37.436+0000 INFO [o.n.i.d.DiagnosticsManager]  [classpath] C:\Users\o4516\.Neo4jDesktop\neo4jDatabases\database-4b432332-0e92-498d-8619-a37ee2897332\installation-3.5.12\lib\neo4j-metrics-3.5.12.jar
2020-04-28 10:27:37.436+0000 INFO [o.n.i.d.DiagnosticsManager]  [classpath] C:\Users\o4516\.Neo4jDesktop\neo4jDatabases\database-4b432332-0e92-498d-8619-a37ee2897332\installation-3.5.12\lib\neo4j-codegen-3.5.12.jar
2020-04-28 10:27:37.436+0000 INFO [o.n.i.d.DiagnosticsManager]  [classpath] C:\Users\o4516\.Neo4jDesktop\neo4jDatabases\database-4b432332-0e92-498d-8619-a37ee2897332\installation-3.5.12\lib\neo4j-security-3.5.12.jar
2020-04-28 10:27:37.436+0000 INFO [o.n.i.d.DiagnosticsManager]  [classpath] C:\Users\o4516\.Neo4jDesktop\neo4jDatabases\database-4b432332-0e92-498d-8619-a37ee2897332\installation-3.5.12\lib\jakarta.xml.bind-api-2.3.2.jar
2020-04-28 10:27:37.436+0000 INFO [o.n.i.d.DiagnosticsManager]  [classpath] C:\Users\o4516\.Neo4jDesktop\neo4jDatabases\database-4b432332-0e92-498d-8619-a37ee2897332\installation-3.5.12\bin\*
2020-04-28 10:27:37.436+0000 INFO [o.n.i.d.DiagnosticsManager]  [classpath] C:\Users\o4516\.Neo4jDesktop\neo4jDatabases\database-4b432332-0e92-498d-8619-a37ee2897332\installation-3.5.12\lib\akka-remote_2.11-2.5.22.jar
2020-04-28 10:27:37.436+0000 INFO [o.n.i.d.DiagnosticsManager]  [classpath] C:\Users\o4516\.Neo4jDesktop\neo4jDatabases\database-4b432332-0e92-498d-8619-a37ee2897332\installation-3.5.12\lib\config-1.3.3.jar
2020-04-28 10:27:37.436+0000 INFO [o.n.i.d.DiagnosticsManager]  [classpath] C:\Users\o4516\.Neo4jDesktop\neo4jDatabases\database-4b432332-0e92-498d-8619-a37ee2897332\installation-3.5.12\lib\txw2-2.3.2.jar
2020-04-28 10:27:37.436+0000 INFO [o.n.i.d.DiagnosticsManager]  [classpath] C:\Users\o4516\.Neo4jDesktop\neo4jDatabases\database-4b432332-0e92-498d-8619-a37ee2897332\installation-3.5.12\lib\neo4j-query-logging-3.5.12.jar
2020-04-28 10:27:37.436+0000 INFO [o.n.i.d.DiagnosticsManager]  [classpath] C:\Users\o4516\.Neo4jDesktop\neo4jDatabases\database-4b432332-0e92-498d-8619-a37ee2897332\installation-3.5.12\lib\jetty-servlet-9.4.17.v20190418.jar
2020-04-28 10:27:37.436+0000 INFO [o.n.i.d.DiagnosticsManager]  [classpath] C:\Users\o4516\.Neo4jDesktop\neo4jDatabases\database-4b432332-0e92-498d-8619-a37ee2897332\installation-3.5.12\lib\neo4j-causal-clustering-3.5.12.jar
2020-04-28 10:27:37.436+0000 INFO [o.n.i.d.DiagnosticsManager]  [classpath] C:\Users\o4516\.Neo4jDesktop\neo4jDatabases\database-4b432332-0e92-498d-8619-a37ee2897332\installation-3.5.12\lib\neo4j-dbms-3.5.12.jar
2020-04-28 10:27:37.436+0000 INFO [o.n.i.d.DiagnosticsManager]  [classpath] C:\Users\o4516\.Neo4jDesktop\neo4jDatabases\database-4b432332-0e92-498d-8619-a37ee2897332\installation-3.5.12\lib\commons-compress-1.19.jar
2020-04-28 10:27:37.436+0000 INFO [o.n.i.d.DiagnosticsManager]  [classpath] C:\Users\o4516\.Neo4jDesktop\neo4jDatabases\database-4b432332-0e92-498d-8619-a37ee2897332\installation-3.5.12\lib\akka-cluster-tools_2.11-2.5.22.jar
2020-04-28 10:27:37.436+0000 INFO [o.n.i.d.DiagnosticsManager]  [classpath] C:\Users\o4516\.Neo4jDesktop\neo4jDatabases\database-4b432332-0e92-498d-8619-a37ee2897332\installation-3.5.12\lib\neo4j-rewriting-3.5-3.5.12.jar
2020-04-28 10:27:37.436+0000 INFO [o.n.i.d.DiagnosticsManager]  [classpath] C:\Users\o4516\.Neo4jDesktop\neo4jDatabases\database-4b432332-0e92-498d-8619-a37ee2897332\installation-3.5.12\lib\parboiled-core-1.1.7.jar
2020-04-28 10:27:37.436+0000 INFO [o.n.i.d.DiagnosticsManager]  [classpath] C:\Users\o4516\.Neo4jDesktop\neo4jDatabases\database-4b432332-0e92-498d-8619-a37ee2897332\installation-3.5.12\lib\neo4j-concurrent-3.5.12.jar
2020-04-28 10:27:37.436+0000 INFO [o.n.i.d.DiagnosticsManager]  [classpath] C:\Users\o4516\.Neo4jDesktop\neo4jDatabases\database-4b432332-0e92-498d-8619-a37ee2897332\installation-3.5.12\lib\neo4j-cypher-expression-3.4-3.4.15.jar
2020-04-28 10:27:37.436+0000 INFO [o.n.i.d.DiagnosticsManager]  [classpath] C:\Users\o4516\.Neo4jDesktop\neo4jDatabases\database-4b432332-0e92-498d-8619-a37ee2897332\installation-3.5.12\lib\neo4j-import-tool-3.5.12.jar
2020-04-28 10:27:37.436+0000 INFO [o.n.i.d.DiagnosticsManager]  [classpath] C:\Users\o4516\.Neo4jDesktop\neo4jDatabases\database-4b432332-0e92-498d-8619-a37ee2897332\installation-3.5.12\lib\neo4j-cypher-logical-plans-3.5-3.5.12.jar
2020-04-28 10:27:37.436+0000 INFO [o.n.i.d.DiagnosticsManager]  [classpath] C:\Users\o4516\.Neo4jDesktop\neo4jDatabases\database-4b432332-0e92-498d-8619-a37ee2897332\installation-3.5.12\lib\jaxb-runtime-2.3.2.jar
2020-04-28 10:27:37.436+0000 INFO [o.n.i.d.DiagnosticsManager]  [classpath] C:\Users\o4516\.Neo4jDesktop\neo4jDatabases\database-4b432332-0e92-498d-8619-a37ee2897332\installation-3.5.12\lib\commons-collections-3.2.2.jar
2020-04-28 10:27:37.436+0000 INFO [o.n.i.d.DiagnosticsManager]  [classpath] C:\Users\o4516\.Neo4jDesktop\neo4jDatabases\database-4b432332-0e92-498d-8619-a37ee2897332\installation-3.5.12\lib\neo4j-causal-clustering-commercial-3.5.12.jar
2020-04-28 10:27:37.436+0000 INFO [o.n.i.d.DiagnosticsManager]  [classpath] C:\Users\o4516\.Neo4jDesktop\neo4jDatabases\database-4b432332-0e92-498d-8619-a37ee2897332\installation-3.5.12\lib\neo4j-kernel-commercial-3.5.12.jar
2020-04-28 10:27:37.436+0000 INFO [o.n.i.d.DiagnosticsManager]  [classpath] C:\Users\o4516\.Neo4jDesktop\neo4jDatabases\database-4b432332-0e92-498d-8619-a37ee2897332\installation-3.5.12\lib\metrics-graphite-4.0.2.jar
2020-04-28 10:27:37.436+0000 INFO [o.n.i.d.DiagnosticsManager]  [classpath] C:\Users\o4516\.Neo4jDesktop\neo4jDatabases\database-4b432332-0e92-498d-8619-a37ee2897332\installation-3.5.12\lib\jetty-server-9.4.17.v20190418.jar
2020-04-28 10:27:37.436+0000 INFO [o.n.i.d.DiagnosticsManager]  [classpath] C:\Users\o4516\.Neo4jDesktop\neo4jDatabases\database-4b432332-0e92-498d-8619-a37ee2897332\installation-3.5.12\lib\neo4j-consistency-check-3.5.12.jar
2020-04-28 10:27:37.436+0000 INFO [o.n.i.d.DiagnosticsManager]  [classpath] C:\Users\o4516\.Neo4jDesktop\neo4jDatabases\database-4b432332-0e92-498d-8619-a37ee2897332\installation-3.5.12\lib\neo4j-security-enterprise-3.5.12.jar
2020-04-28 10:27:37.436+0000 INFO [o.n.i.d.DiagnosticsManager]  [classpath] C:\Users\o4516\.Neo4jDesktop\neo4jDatabases\database-4b432332-0e92-498d-8619-a37ee2897332\installation-3.5.12\lib\neo4j-graph-matching-3.1.9.jar
2020-04-28 10:27:37.436+0000 INFO [o.n.i.d.DiagnosticsManager]  [classpath] C:\Users\o4516\.Neo4jDesktop\neo4jDatabases\database-4b432332-0e92-498d-8619-a37ee2897332\installation-3.5.12\lib\zstd-jni-1.3.8-6.jar
2020-04-28 10:27:37.436+0000 INFO [o.n.i.d.DiagnosticsManager]  [classpath] C:\Users\o4516\.Neo4jDesktop\neo4jDatabases\database-4b432332-0e92-498d-8619-a37ee2897332\installation-3.5.12\lib\simpleclient_httpserver-0.5.0.jar
2020-04-28 10:27:37.436+0000 INFO [o.n.i.d.DiagnosticsManager]  [classpath] C:\Users\o4516\.Neo4jDesktop\neo4jDatabases\database-4b432332-0e92-498d-8619-a37ee2897332\installation-3.5.12\lib\neo4j-front-end-3.5-3.5.12.jar
2020-04-28 10:27:37.436+0000 INFO [o.n.i.d.DiagnosticsManager]  [classpath] C:\Users\o4516\.Neo4jDesktop\neo4jDatabases\database-4b432332-0e92-498d-8619-a37ee2897332\installation-3.5.12\lib\zstd-proxy-3.5.12.jar
2020-04-28 10:27:37.436+0000 INFO [o.n.i.d.DiagnosticsManager]  [classpath] C:\Users\o4516\.Neo4jDesktop\neo4jDatabases\database-4b432332-0e92-498d-8619-a37ee2897332\installation-3.5.12\lib\commons-lang3-3.8.jar
2020-04-28 10:27:37.436+0000 INFO [o.n.i.d.DiagnosticsManager]  [classpath] C:\Users\o4516\.Neo4jDesktop\neo4jDatabases\database-4b432332-0e92-498d-8619-a37ee2897332\installation-3.5.12\lib\istack-commons-runtime-3.0.8.jar
2020-04-28 10:27:37.436+0000 INFO [o.n.i.d.DiagnosticsManager]  [classpath] C:\Users\o4516\.Neo4jDesktop\neo4jDatabases\database-4b432332-0e92-498d-8619-a37ee2897332\installation-3.5.12\lib\neo4j-cypher-logical-plans-3.4-3.4.15.jar
2020-04-28 10:27:37.436+0000 INFO [o.n.i.d.DiagnosticsManager]  [classpath] C:\Users\o4516\.Neo4jDesktop\neo4jDatabases\database-4b432332-0e92-498d-8619-a37ee2897332\installation-3.5.12\lib\neo4j-ha-3.5.12.jar
2020-04-28 10:27:37.436+0000 INFO [o.n.i.d.DiagnosticsManager]  [classpath] C:\Users\o4516\.Neo4jDesktop\neo4jDatabases\database-4b432332-0e92-498d-8619-a37ee2897332\installation-3.5.12\lib\commons-text-1.4.jar
2020-04-28 10:27:37.436+0000 INFO [o.n.i.d.DiagnosticsManager]  [classpath] C:\Users\o4516\.Neo4jDesktop\neo4jDatabases\database-4b432332-0e92-498d-8619-a37ee2897332\installation-3.5.12\lib\neo4j-index-3.5.12.jar
2020-04-28 10:27:37.436+0000 INFO [o.n.i.d.DiagnosticsManager] Library path:
2020-04-28 10:27:37.436+0000 INFO [o.n.i.d.DiagnosticsManager] C:\Program Files\Java\jdk-11.0.1\bin
2020-04-28 10:27:37.437+0000 INFO [o.n.i.d.DiagnosticsManager] C:\Windows\Sun\Java\bin
2020-04-28 10:27:37.437+0000 INFO [o.n.i.d.DiagnosticsManager] C:\Windows\System32
2020-04-28 10:27:37.437+0000 INFO [o.n.i.d.DiagnosticsManager] C:\Windows
2020-04-28 10:27:37.438+0000 INFO [o.n.i.d.DiagnosticsManager] C:\ProgramData\DockerDesktop\version-bin
2020-04-28 10:27:37.439+0000 INFO [o.n.i.d.DiagnosticsManager] C:\Program Files\Docker\Docker\resources\bin
2020-04-28 10:27:37.439+0000 INFO [o.n.i.d.DiagnosticsManager] C:\Program Files (x86)\NetSarang\Xshell 6
2020-04-28 10:27:37.440+0000 INFO [o.n.i.d.DiagnosticsManager] C:\Program Files (x86)\Intel\Intel(R) Management Engine Components\iCLS
2020-04-28 10:27:37.441+0000 INFO [o.n.i.d.DiagnosticsManager] C:\Program Files\Intel\Intel(R) Management Engine Components\iCLS
2020-04-28 10:27:37.441+0000 INFO [o.n.i.d.DiagnosticsManager] C:\Windows\System32
2020-04-28 10:27:37.441+0000 INFO [o.n.i.d.DiagnosticsManager] C:\Windows
2020-04-28 10:27:37.442+0000 INFO [o.n.i.d.DiagnosticsManager] C:\Windows\System32\wbem
2020-04-28 10:27:37.443+0000 INFO [o.n.i.d.DiagnosticsManager] C:\Windows\System32\WindowsPowerShell\v1.0
2020-04-28 10:27:37.443+0000 INFO [o.n.i.d.DiagnosticsManager] C:\Windows\System32\OpenSSH
2020-04-28 10:27:37.444+0000 INFO [o.n.i.d.DiagnosticsManager] C:\Program Files (x86)\Intel\Intel(R) Management Engine Components\DAL
2020-04-28 10:27:37.445+0000 INFO [o.n.i.d.DiagnosticsManager] C:\Program Files\Intel\Intel(R) Management Engine Components\DAL
2020-04-28 10:27:37.445+0000 INFO [o.n.i.d.DiagnosticsManager] C:\Program Files (x86)\Intel\Intel(R) Management Engine Components\IPT
2020-04-28 10:27:37.446+0000 INFO [o.n.i.d.DiagnosticsManager] C:\Program Files\Intel\Intel(R) Management Engine Components\IPT
2020-04-28 10:27:37.446+0000 INFO [o.n.i.d.DiagnosticsManager] C:\Program Files (x86)\Calibre2
2020-04-28 10:27:37.447+0000 INFO [o.n.i.d.DiagnosticsManager] C:\Program Files (x86)\NVIDIA Corporation\PhysX\Common
2020-04-28 10:27:37.448+0000 INFO [o.n.i.d.DiagnosticsManager] C:\Program Files (x86)\Appeon\Shared\PowerBuilder
2020-04-28 10:27:37.448+0000 INFO [o.n.i.d.DiagnosticsManager] C:\Windows\Microsoft.NET\Framework\v4.0.30319
2020-04-28 10:27:37.449+0000 INFO [o.n.i.d.DiagnosticsManager] C:\Program Files\CMake\bin
2020-04-28 10:27:37.449+0000 INFO [o.n.i.d.DiagnosticsManager] C:\Program Files\NVIDIA Corporation\NVIDIA NvDLISR
2020-04-28 10:27:37.450+0000 INFO [o.n.i.d.DiagnosticsManager] C:\Program Files\nodejs
2020-04-28 10:27:37.450+0000 INFO [o.n.i.d.DiagnosticsManager] C:\Program Files\Git LFS
2020-04-28 10:27:37.451+0000 INFO [o.n.i.d.DiagnosticsManager] C:\Program Files\Pandoc
2020-04-28 10:27:37.451+0000 INFO [o.n.i.d.DiagnosticsManager] C:\Program Files\MySQL\MySQL Server 5.7\bin
2020-04-28 10:27:37.452+0000 INFO [o.n.i.d.DiagnosticsManager] C:\Users\o4516\AppData\Local\Programs\Python\Python37
2020-04-28 10:27:37.453+0000 INFO [o.n.i.d.DiagnosticsManager] C:\MinGW\bin
2020-04-28 10:27:37.453+0000 INFO [o.n.i.d.DiagnosticsManager] C:\Program Files\Redis
2020-04-28 10:27:37.454+0000 INFO [o.n.i.d.DiagnosticsManager] C:\Program Files\Git\cmd
2020-04-28 10:27:37.454+0000 INFO [o.n.i.d.DiagnosticsManager] C:\Windows\System32
2020-04-28 10:27:37.454+0000 INFO [o.n.i.d.DiagnosticsManager] C:\Windows
2020-04-28 10:27:37.454+0000 INFO [o.n.i.d.DiagnosticsManager] C:\Windows\System32\wbem
2020-04-28 10:27:37.455+0000 INFO [o.n.i.d.DiagnosticsManager] C:\Windows\System32\WindowsPowerShell\v1.0
2020-04-28 10:27:37.456+0000 INFO [o.n.i.d.DiagnosticsManager] C:\Windows\System32\OpenSSH
2020-04-28 10:27:37.457+0000 INFO [o.n.i.d.DiagnosticsManager] C:\Users\o4516\AppData\Roaming\npm\node_modules\hexo-cli\bin
2020-04-28 10:27:37.457+0000 INFO [o.n.i.d.DiagnosticsManager] C:\Program Files (x86)\Graphviz2.38\bin
2020-04-28 10:27:37.458+0000 INFO [o.n.i.d.DiagnosticsManager] C:\Program Files (x86)\Yarn\bin
2020-04-28 10:27:37.458+0000 INFO [o.n.i.d.DiagnosticsManager] C:\ffmpeg-4.2.2\bin
2020-04-28 10:27:37.458+0000 INFO [o.n.i.d.DiagnosticsManager] C:\ffmpeg\bin
2020-04-28 10:27:37.460+0000 INFO [o.n.i.d.DiagnosticsManager] C:\Users\o4516\AppData\Local\Programs\Python\Python37\Scripts
2020-04-28 10:27:37.460+0000 INFO [o.n.i.d.DiagnosticsManager] C:\Program Files (x86)\Google\Chrome Dev\Application
2020-04-28 10:27:37.461+0000 INFO [o.n.i.d.DiagnosticsManager] C:\Users\o4516\AppData\Roaming\npm\node_modules\npm-check\bin
2020-04-28 10:27:37.462+0000 INFO [o.n.i.d.DiagnosticsManager] C:\processing-3.5.4
2020-04-28 10:27:37.463+0000 INFO [o.n.i.d.DiagnosticsManager] C:\Users\o4516\.Neo4jDesktop\neo4jDatabases\database-4b432332-0e92-498d-8619-a37ee2897332\installation-3.5.12\bin
2020-04-28 10:27:37.463+0000 INFO [o.n.i.d.DiagnosticsManager] C:\Users\o4516\AppData\Local\Programs\Python\Python37\Scripts
2020-04-28 10:27:37.463+0000 INFO [o.n.i.d.DiagnosticsManager] C:\Users\o4516\AppData\Local\Programs\Python\Python37
2020-04-28 10:27:37.464+0000 INFO [o.n.i.d.DiagnosticsManager] C:\Users\o4516\AppData\Local\Programs\Microsoft VS Code Insiders\bin
2020-04-28 10:27:37.464+0000 INFO [o.n.i.d.DiagnosticsManager] C:\Program Files\heroku\bin
2020-04-28 10:27:37.466+0000 INFO [o.n.i.d.DiagnosticsManager] C:\Windows\System32
2020-04-28 10:27:37.466+0000 INFO [o.n.i.d.DiagnosticsManager] C:\Users\o4516\AppData\Local\Microsoft\WindowsApps
2020-04-28 10:27:37.466+0000 INFO [o.n.i.d.DiagnosticsManager] C:\apache-maven-3.6.1\bin
2020-04-28 10:27:37.467+0000 INFO [o.n.i.d.DiagnosticsManager] C:\Users\o4516\AppData\Local\Yarn\bin
2020-04-28 10:27:37.468+0000 INFO [o.n.i.d.DiagnosticsManager] C:\Users\o4516\.Neo4jDesktop\neo4jDatabases\database-4b432332-0e92-498d-8619-a37ee2897332\installation-3.5.12\bin
2020-04-28 10:27:37.468+0000 INFO [o.n.i.d.DiagnosticsManager] System.properties:
2020-04-28 10:27:37.468+0000 INFO [o.n.i.d.DiagnosticsManager] sun.desktop = windows
2020-04-28 10:27:37.468+0000 INFO [o.n.i.d.DiagnosticsManager] awt.toolkit = sun.awt.windows.WToolkit
2020-04-28 10:27:37.468+0000 INFO [o.n.i.d.DiagnosticsManager] sun.cpu.isalist = amd64
2020-04-28 10:27:37.468+0000 INFO [o.n.i.d.DiagnosticsManager] sun.jnu.encoding = GBK
2020-04-28 10:27:37.468+0000 INFO [o.n.i.d.DiagnosticsManager] sun.arch.data.model = 64
2020-04-28 10:27:37.468+0000 INFO [o.n.i.d.DiagnosticsManager] user.variant = 
2020-04-28 10:27:37.468+0000 INFO [o.n.i.d.DiagnosticsManager] user.timezone = Asia/Shanghai
2020-04-28 10:27:37.468+0000 INFO [o.n.i.d.DiagnosticsManager] sun.java.launcher = SUN_STANDARD
2020-04-28 10:27:37.468+0000 INFO [o.n.i.d.DiagnosticsManager] user.country = CN
2020-04-28 10:27:37.468+0000 INFO [o.n.i.d.DiagnosticsManager] sun.boot.library.path = C:\Program Files\Java\jdk-11.0.1\bin
2020-04-28 10:27:37.468+0000 INFO [o.n.i.d.DiagnosticsManager] sun.java.command = org.neo4j.commandline.admin.AdminTool backup --backup-dir=C:\Users\o4516\Desktop\backup --name=neo4jbackup
2020-04-28 10:27:37.468+0000 INFO [o.n.i.d.DiagnosticsManager] jdk.debug = release
2020-04-28 10:27:37.468+0000 INFO [o.n.i.d.DiagnosticsManager] sun.cpu.endian = little
2020-04-28 10:27:37.468+0000 INFO [o.n.i.d.DiagnosticsManager] user.home = C:\Users\o4516
2020-04-28 10:27:37.468+0000 INFO [o.n.i.d.DiagnosticsManager] user.language = zh
2020-04-28 10:27:37.468+0000 INFO [o.n.i.d.DiagnosticsManager] sun.stderr.encoding = ms936
2020-04-28 10:27:37.468+0000 INFO [o.n.i.d.DiagnosticsManager] file.separator = \
2020-04-28 10:27:37.468+0000 INFO [o.n.i.d.DiagnosticsManager] basedir = C:\Users\o4516\.Neo4jDesktop\neo4jDatabases\database-4b432332-0e92-498d-8619-a37ee2897332\installation-3.5.12
2020-04-28 10:27:37.468+0000 INFO [o.n.i.d.DiagnosticsManager] sun.stdout.encoding = ms936
2020-04-28 10:27:37.468+0000 INFO [o.n.i.d.DiagnosticsManager] user.script = 
2020-04-28 10:27:37.468+0000 INFO [o.n.i.d.DiagnosticsManager] sun.management.compiler = HotSpot 64-Bit Tiered Compilers
2020-04-28 10:27:37.468+0000 INFO [o.n.i.d.DiagnosticsManager] user.name = o4516
2020-04-28 10:27:37.468+0000 INFO [o.n.i.d.DiagnosticsManager] path.separator = ;
2020-04-28 10:27:37.468+0000 INFO [o.n.i.d.DiagnosticsManager] file.encoding = UTF-8
2020-04-28 10:27:37.468+0000 INFO [o.n.i.d.DiagnosticsManager] sun.nio.ch.bugLevel = 
2020-04-28 10:27:37.468+0000 INFO [o.n.i.d.DiagnosticsManager] user.dir = C:\Users\o4516\.Neo4jDesktop\neo4jDatabases\database-4b432332-0e92-498d-8619-a37ee2897332\installation-3.5.12\bin
2020-04-28 10:27:37.468+0000 INFO [o.n.i.d.DiagnosticsManager] sun.os.patch.level = 
2020-04-28 10:27:37.468+0000 INFO [o.n.i.d.DiagnosticsManager] sun.io.unicode.encoding = UnicodeLittle
2020-04-28 10:27:37.468+0000 INFO [o.n.i.d.DiagnosticsManager] (IANA) TimeZone Database Version:
2020-04-28 10:27:37.468+0000 INFO [o.n.i.d.DiagnosticsManager]   TimeZone version: 2018e (available for 599 zone identifiers)
2020-04-28 10:27:37.468+0000 INFO [o.n.i.d.DiagnosticsManager] Network information:
2020-04-28 10:27:38.015+0000 INFO [o.n.i.d.DiagnosticsManager] Interface Software Loopback Interface 1:
2020-04-28 10:27:38.015+0000 INFO [o.n.i.d.DiagnosticsManager]     address: 127.0.0.1
2020-04-28 10:27:38.015+0000 INFO [o.n.i.d.DiagnosticsManager]     address: 0:0:0:0:0:0:0:1
2020-04-28 10:27:38.015+0000 INFO [o.n.i.d.DiagnosticsManager] Interface Microsoft 6to4 Adapter:
2020-04-28 10:27:38.015+0000 INFO [o.n.i.d.DiagnosticsManager] Interface Realtek PCIe GbE Family Controller:
2020-04-28 10:27:38.015+0000 INFO [o.n.i.d.DiagnosticsManager]     address: 192.168.0.104
2020-04-28 10:27:38.015+0000 INFO [o.n.i.d.DiagnosticsManager]     address: fe80:0:0:0:bdb9:782b:6609:7834%eth0
2020-04-28 10:27:38.015+0000 INFO [o.n.i.d.DiagnosticsManager] Interface Hyper-V Virtual Ethernet Adapter:
2020-04-28 10:27:38.015+0000 INFO [o.n.i.d.DiagnosticsManager] Interface Hyper-V Virtual Ethernet Adapter #2:
2020-04-28 10:27:38.015+0000 INFO [o.n.i.d.DiagnosticsManager] Interface Microsoft IP-HTTPS Platform Adapter:
2020-04-28 10:27:38.015+0000 INFO [o.n.i.d.DiagnosticsManager] Interface WAN Miniport (IPv6):
2020-04-28 10:27:38.015+0000 INFO [o.n.i.d.DiagnosticsManager] Interface WAN Miniport (PPPOE):
2020-04-28 10:27:38.015+0000 INFO [o.n.i.d.DiagnosticsManager] Interface WAN Miniport (L2TP):
2020-04-28 10:27:38.015+0000 INFO [o.n.i.d.DiagnosticsManager] Interface Microsoft Wi-Fi Direct Virtual Adapter #2:
2020-04-28 10:27:38.015+0000 INFO [o.n.i.d.DiagnosticsManager]     address: fe80:0:0:0:104f:e03f:9cd7:5d7f%wlan0
2020-04-28 10:27:38.015+0000 INFO [o.n.i.d.DiagnosticsManager] Interface Hyper-V Virtual Ethernet Adapter #3:
2020-04-28 10:27:38.015+0000 INFO [o.n.i.d.DiagnosticsManager]     address: 172.18.41.161
2020-04-28 10:27:38.015+0000 INFO [o.n.i.d.DiagnosticsManager]     address: fe80:0:0:0:8cc2:87de:5c7:d8a6%eth4
2020-04-28 10:27:38.015+0000 INFO [o.n.i.d.DiagnosticsManager] Interface Microsoft Wi-Fi Direct Virtual Adapter #5:
2020-04-28 10:27:38.015+0000 INFO [o.n.i.d.DiagnosticsManager] Interface WAN Miniport (Network Monitor):
2020-04-28 10:27:38.015+0000 INFO [o.n.i.d.DiagnosticsManager] Interface Microsoft Wi-Fi Direct Virtual Adapter #4:
2020-04-28 10:27:38.015+0000 INFO [o.n.i.d.DiagnosticsManager]     address: fe80:0:0:0:f400:9919:a4ba:ae05%wlan2
2020-04-28 10:27:38.015+0000 INFO [o.n.i.d.DiagnosticsManager] Interface Netease UU TAP-Win32 Adapter V9.21:
2020-04-28 10:27:38.015+0000 INFO [o.n.i.d.DiagnosticsManager]     address: fe80:0:0:0:f187:4715:ee9b:fee4%eth6
2020-04-28 10:27:38.015+0000 INFO [o.n.i.d.DiagnosticsManager] Interface VMware Virtual Ethernet Adapter for VMnet8:
2020-04-28 10:27:38.015+0000 INFO [o.n.i.d.DiagnosticsManager]     address: 192.168.33.1
2020-04-28 10:27:38.015+0000 INFO [o.n.i.d.DiagnosticsManager]     address: fe80:0:0:0:c827:330e:f364:ede2%eth7
2020-04-28 10:27:38.015+0000 INFO [o.n.i.d.DiagnosticsManager] Interface Microsoft Wi-Fi Direct Virtual Adapter #6:
2020-04-28 10:27:38.015+0000 INFO [o.n.i.d.DiagnosticsManager] Interface Microsoft Wi-Fi Direct Virtual Adapter #3:
2020-04-28 10:27:38.015+0000 INFO [o.n.i.d.DiagnosticsManager] Interface WAN Miniport (PPTP):
2020-04-28 10:27:38.015+0000 INFO [o.n.i.d.DiagnosticsManager] Interface TAP-Windows Adapter V9:
2020-04-28 10:27:38.015+0000 INFO [o.n.i.d.DiagnosticsManager]     address: fe80:0:0:0:4b7:d392:61d8:9c03%eth8
2020-04-28 10:27:38.015+0000 INFO [o.n.i.d.DiagnosticsManager] Interface Intel(R) Wireless-AC 9560:
2020-04-28 10:27:38.015+0000 INFO [o.n.i.d.DiagnosticsManager]     address: fe80:0:0:0:604e:5411:c732:2547%wlan5
2020-04-28 10:27:38.015+0000 INFO [o.n.i.d.DiagnosticsManager] Interface Microsoft Teredo Tunneling Adapter:
2020-04-28 10:27:38.015+0000 INFO [o.n.i.d.DiagnosticsManager] Interface WAN Miniport (SSTP):
2020-04-28 10:27:38.015+0000 INFO [o.n.i.d.DiagnosticsManager] Interface WAN Miniport (IP):
2020-04-28 10:27:38.015+0000 INFO [o.n.i.d.DiagnosticsManager] Interface VMware Virtual Ethernet Adapter for VMnet1:
2020-04-28 10:27:38.015+0000 INFO [o.n.i.d.DiagnosticsManager]     address: 192.168.91.1
2020-04-28 10:27:38.015+0000 INFO [o.n.i.d.DiagnosticsManager]     address: fe80:0:0:0:e044:5059:3efe:6d1%eth10
2020-04-28 10:27:38.015+0000 INFO [o.n.i.d.DiagnosticsManager] Interface WAN Miniport (IKEv2):
2020-04-28 10:27:38.015+0000 INFO [o.n.i.d.DiagnosticsManager] Interface Microsoft Wi-Fi Direct Virtual Adapter:
2020-04-28 10:27:38.015+0000 INFO [o.n.i.d.DiagnosticsManager] Interface Microsoft Kernel Debug Network Adapter:
2020-04-28 10:27:38.015+0000 INFO [o.n.i.d.DiagnosticsManager] Interface ASIX AX88179 USB 3.0 to Gigabit Ethernet Adapter:
2020-04-28 10:27:38.015+0000 INFO [o.n.i.d.DiagnosticsManager] Interface Hyper-V Virtual Switch Extension Adapter:
2020-04-28 10:27:38.015+0000 INFO [o.n.i.d.DiagnosticsManager] Interface Netease UU TAP-Win32 Adapter V9.21-WFP Native MAC Layer LightWeight Filter-0000:
2020-04-28 10:27:38.015+0000 INFO [o.n.i.d.DiagnosticsManager] Interface Netease UU TAP-Win32 Adapter V9.21-QoS Packet Scheduler-0000:
2020-04-28 10:27:38.016+0000 INFO [o.n.i.d.DiagnosticsManager] Interface Netease UU TAP-Win32 Adapter V9.21-WFP 802.3 MAC Layer LightWeight Filter-0000:
2020-04-28 10:27:38.016+0000 INFO [o.n.i.d.DiagnosticsManager] Interface TAP-Windows Adapter V9-WFP Native MAC Layer LightWeight Filter-0000:
2020-04-28 10:27:38.016+0000 INFO [o.n.i.d.DiagnosticsManager] Interface TAP-Windows Adapter V9-QoS Packet Scheduler-0000:
2020-04-28 10:27:38.016+0000 INFO [o.n.i.d.DiagnosticsManager] Interface TAP-Windows Adapter V9-WFP 802.3 MAC Layer LightWeight Filter-0000:
2020-04-28 10:27:38.016+0000 INFO [o.n.i.d.DiagnosticsManager] Interface Hyper-V Virtual Switch Extension Adapter-Hyper-V Virtual Switch Extension Filter-0000:
2020-04-28 10:27:38.016+0000 INFO [o.n.i.d.DiagnosticsManager] Interface Realtek PCIe GbE Family Controller-WFP Native MAC Layer LightWeight Filter-0000:
2020-04-28 10:27:38.016+0000 INFO [o.n.i.d.DiagnosticsManager] Interface Realtek PCIe GbE Family Controller-QoS Packet Scheduler-0000:
2020-04-28 10:27:38.016+0000 INFO [o.n.i.d.DiagnosticsManager] Interface Realtek PCIe GbE Family Controller-WFP 802.3 MAC Layer LightWeight Filter-0000:
2020-04-28 10:27:38.016+0000 INFO [o.n.i.d.DiagnosticsManager] Interface Hyper-V Virtual Ethernet Adapter #3-WFP Native MAC Layer LightWeight Filter-0000:
2020-04-28 10:27:38.016+0000 INFO [o.n.i.d.DiagnosticsManager] Interface Hyper-V Virtual Ethernet Adapter #3-QoS Packet Scheduler-0000:
2020-04-28 10:27:38.016+0000 INFO [o.n.i.d.DiagnosticsManager] Interface Hyper-V Virtual Ethernet Adapter #3-WFP 802.3 MAC Layer LightWeight Filter-0000:
2020-04-28 10:27:38.016+0000 INFO [o.n.i.d.DiagnosticsManager] Interface Intel(R) Wireless-AC 9560-WFP Native MAC Layer LightWeight Filter-0000:
2020-04-28 10:27:38.016+0000 INFO [o.n.i.d.DiagnosticsManager] Interface Intel(R) Wireless-AC 9560-Virtual WiFi Filter Driver-0000:
2020-04-28 10:27:38.016+0000 INFO [o.n.i.d.DiagnosticsManager] Interface Intel(R) Wireless-AC 9560-Native WiFi Filter Driver-0000:
2020-04-28 10:27:38.016+0000 INFO [o.n.i.d.DiagnosticsManager] Interface Intel(R) Wireless-AC 9560-QoS Packet Scheduler-0000:
2020-04-28 10:27:38.016+0000 INFO [o.n.i.d.DiagnosticsManager] Interface Intel(R) Wireless-AC 9560-WFP 802.3 MAC Layer LightWeight Filter-0000:
2020-04-28 10:27:38.016+0000 INFO [o.n.i.d.DiagnosticsManager] Interface Microsoft Wi-Fi Direct Virtual Adapter #2-WFP Native MAC Layer LightWeight Filter-0000:
2020-04-28 10:27:38.016+0000 INFO [o.n.i.d.DiagnosticsManager] Interface Microsoft Wi-Fi Direct Virtual Adapter #2-Native WiFi Filter Driver-0000:
2020-04-28 10:27:38.016+0000 INFO [o.n.i.d.DiagnosticsManager] Interface Microsoft Wi-Fi Direct Virtual Adapter #2-QoS Packet Scheduler-0000:
2020-04-28 10:27:38.016+0000 INFO [o.n.i.d.DiagnosticsManager] Interface Microsoft Wi-Fi Direct Virtual Adapter #2-WFP 802.3 MAC Layer LightWeight Filter-0000:
2020-04-28 10:27:38.016+0000 INFO [o.n.i.d.DiagnosticsManager] Interface WAN Miniport (IP)-WFP Native MAC Layer LightWeight Filter-0000:
2020-04-28 10:27:38.016+0000 INFO [o.n.i.d.DiagnosticsManager] Interface WAN Miniport (IP)-QoS Packet Scheduler-0000:
2020-04-28 10:27:38.016+0000 INFO [o.n.i.d.DiagnosticsManager] Interface WAN Miniport (IPv6)-WFP Native MAC Layer LightWeight Filter-0000:
2020-04-28 10:27:38.016+0000 INFO [o.n.i.d.DiagnosticsManager] Interface WAN Miniport (IPv6)-QoS Packet Scheduler-0000:
2020-04-28 10:27:38.016+0000 INFO [o.n.i.d.DiagnosticsManager] Interface WAN Miniport (Network Monitor)-WFP Native MAC Layer LightWeight Filter-0000:
2020-04-28 10:27:38.016+0000 INFO [o.n.i.d.DiagnosticsManager] Interface WAN Miniport (Network Monitor)-QoS Packet Scheduler-0000:
2020-04-28 10:27:38.016+0000 INFO [o.n.i.d.DiagnosticsManager] Interface Microsoft Wi-Fi Direct Virtual Adapter #4-WFP Native MAC Layer LightWeight Filter-0000:
2020-04-28 10:27:38.016+0000 INFO [o.n.i.d.DiagnosticsManager] Interface Microsoft Wi-Fi Direct Virtual Adapter #4-Native WiFi Filter Driver-0000:
2020-04-28 10:27:38.016+0000 INFO [o.n.i.d.DiagnosticsManager] Interface Microsoft Wi-Fi Direct Virtual Adapter #4-QoS Packet Scheduler-0000:
2020-04-28 10:27:38.016+0000 INFO [o.n.i.d.DiagnosticsManager] Interface Microsoft Wi-Fi Direct Virtual Adapter #4-WFP 802.3 MAC Layer LightWeight Filter-0000:
2020-04-28 10:27:38.016+0000 INFO [o.n.i.d.DiagnosticsManager] --- INITIALIZED diagnostics END ---
2020-04-28 10:27:38.018+0000 INFO [o.n.m.MetricsExtension] Initiating metrics...
2020-04-28 10:27:38.051+0000 INFO [o.n.k.i.s.f.RecordFormatSelector] Selected RecordFormat:StandardV3_4[v0.A.9] record format from store C:\Users\o4516\Desktop\backup\neo4jbackup
2020-04-28 10:27:38.074+0000 INFO [o.n.k.i.s.f.RecordFormatSelector] Selected RecordFormat:StandardV3_4[v0.A.9] record format from store C:\Users\o4516\Desktop\backup\neo4jbackup
2020-04-28 10:27:38.075+0000 INFO [o.n.k.i.s.f.RecordFormatSelector] Format not configured. Selected format from the store: RecordFormat:StandardV3_4[v0.A.9]
2020-04-28 10:27:38.373+0000 INFO [o.n.k.NeoStoreDataSource] No commits found after last check point (which is at LogPosition{logVersion=0, byteOffset=16})
2020-04-28 10:27:38.450+0000 INFO [o.n.k.i.a.i.IndexingService] IndexingService.init: indexes not specifically mentioned above are ONLINE
2020-04-28 10:27:38.451+0000 INFO [o.n.k.i.a.i.IndexingService] IndexingService.start: indexes not specifically mentioned above are ONLINE
2020-04-28 10:27:38.453+0000 INFO [o.n.i.d.DiagnosticsManager] --- STARTED diagnostics for KernelDiagnostics:Versions START ---
2020-04-28 10:27:38.454+0000 INFO [o.n.i.d.DiagnosticsManager] Graph Database: enterprise single StoreId{creationTime=1584939384401, randomId=8464600141798281750, storeVersion=16094931155187206, upgradeTime=1584939384401, upgradeId=1}
2020-04-28 10:27:38.454+0000 INFO [o.n.i.d.DiagnosticsManager] Kernel version: 3.5.12,f4f02a725dc05d043a71684ce5d6f22f0c323378
2020-04-28 10:27:38.454+0000 INFO [o.n.i.d.DiagnosticsManager] --- STARTED diagnostics for KernelDiagnostics:Versions END ---
2020-04-28 10:27:38.454+0000 INFO [o.n.i.d.DiagnosticsManager] --- STARTED diagnostics for NEO_STORE_VERSIONS START ---
2020-04-28 10:27:38.455+0000 INFO [o.n.i.d.DiagnosticsManager] Store versions:
2020-04-28 10:27:38.455+0000 INFO [o.n.i.d.DiagnosticsManager]   ArrayPropertyStore v0.A.9
2020-04-28 10:27:38.456+0000 INFO [o.n.i.d.DiagnosticsManager]   NodeStore v0.A.9
2020-04-28 10:27:38.456+0000 INFO [o.n.i.d.DiagnosticsManager]   StringPropertyStore v0.A.9
2020-04-28 10:27:38.457+0000 INFO [o.n.i.d.DiagnosticsManager]   PropertyIndexStore v0.A.9
2020-04-28 10:27:38.457+0000 INFO [o.n.i.d.DiagnosticsManager]   StringPropertyStore v0.A.9
2020-04-28 10:27:38.458+0000 INFO [o.n.i.d.DiagnosticsManager]   ArrayPropertyStore v0.A.9
2020-04-28 10:27:38.458+0000 INFO [o.n.i.d.DiagnosticsManager]   PropertyStore v0.A.9
2020-04-28 10:27:38.459+0000 INFO [o.n.i.d.DiagnosticsManager]   RelationshipStore v0.A.9
2020-04-28 10:27:38.459+0000 INFO [o.n.i.d.DiagnosticsManager]   StringPropertyStore v0.A.9
2020-04-28 10:27:38.460+0000 INFO [o.n.i.d.DiagnosticsManager]   RelationshipTypeStore v0.A.9
2020-04-28 10:27:38.460+0000 INFO [o.n.i.d.DiagnosticsManager]   StringPropertyStore v0.A.9
2020-04-28 10:27:38.461+0000 INFO [o.n.i.d.DiagnosticsManager]   LabelTokenStore v0.A.9
2020-04-28 10:27:38.461+0000 INFO [o.n.i.d.DiagnosticsManager]   SchemaStore v0.A.9
2020-04-28 10:27:38.462+0000 INFO [o.n.i.d.DiagnosticsManager]   RelationshipGroupStore v0.A.9
2020-04-28 10:27:38.462+0000 INFO [o.n.i.d.DiagnosticsManager]   NeoStore v0.A.9
2020-04-28 10:27:38.463+0000 INFO [o.n.i.d.DiagnosticsManager] --- STARTED diagnostics for NEO_STORE_VERSIONS END ---
2020-04-28 10:27:38.463+0000 INFO [o.n.i.d.DiagnosticsManager] --- STARTED diagnostics for NEO_STORE_ID_USAGE START ---
2020-04-28 10:27:38.463+0000 INFO [o.n.i.d.DiagnosticsManager] Id usage:
2020-04-28 10:27:38.464+0000 INFO [o.n.i.d.DiagnosticsManager]   ArrayPropertyStore: used=1 high=0
2020-04-28 10:27:38.464+0000 INFO [o.n.i.d.DiagnosticsManager]   NodeStore: used=22046 high=22045
2020-04-28 10:27:38.465+0000 INFO [o.n.i.d.DiagnosticsManager]   StringPropertyStore: used=6 high=5
2020-04-28 10:27:38.465+0000 INFO [o.n.i.d.DiagnosticsManager]   PropertyIndexStore: used=5 high=4
2020-04-28 10:27:38.465+0000 INFO [o.n.i.d.DiagnosticsManager]   StringPropertyStore: used=3320 high=3319
2020-04-28 10:27:38.465+0000 INFO [o.n.i.d.DiagnosticsManager]   ArrayPropertyStore: used=2 high=1
2020-04-28 10:27:38.466+0000 INFO [o.n.i.d.DiagnosticsManager]   PropertyStore: used=55573 high=55572
2020-04-28 10:27:38.466+0000 INFO [o.n.i.d.DiagnosticsManager]   RelationshipStore: used=22591 high=22590
2020-04-28 10:27:38.467+0000 INFO [o.n.i.d.DiagnosticsManager]   StringPropertyStore: used=3 high=2
2020-04-28 10:27:38.468+0000 INFO [o.n.i.d.DiagnosticsManager]   RelationshipTypeStore: used=2 high=1
2020-04-28 10:27:38.468+0000 INFO [o.n.i.d.DiagnosticsManager]   StringPropertyStore: used=4 high=3
2020-04-28 10:27:38.469+0000 INFO [o.n.i.d.DiagnosticsManager]   LabelTokenStore: used=3 high=2
2020-04-28 10:27:38.469+0000 INFO [o.n.i.d.DiagnosticsManager]   SchemaStore: used=22 high=21
2020-04-28 10:27:38.469+0000 INFO [o.n.i.d.DiagnosticsManager]   RelationshipGroupStore: used=81 high=80
2020-04-28 10:27:38.470+0000 INFO [o.n.i.d.DiagnosticsManager]   NeoStore: used=15 high=14
2020-04-28 10:27:38.470+0000 INFO [o.n.i.d.DiagnosticsManager] --- STARTED diagnostics for NEO_STORE_ID_USAGE END ---
2020-04-28 10:27:38.470+0000 INFO [o.n.i.d.DiagnosticsManager] --- STARTED diagnostics for NEO_STORE_RECORDS START ---
2020-04-28 10:27:38.471+0000 INFO [o.n.i.d.DiagnosticsManager] Neostore records:
2020-04-28 10:27:38.472+0000 INFO [o.n.i.d.DiagnosticsManager] TIME (Creation time): 1584939384401
2020-04-28 10:27:38.472+0000 INFO [o.n.i.d.DiagnosticsManager] RANDOM_NUMBER (Random number for store id): 8464600141798281750
2020-04-28 10:27:38.472+0000 INFO [o.n.i.d.DiagnosticsManager] LOG_VERSION (Current log version): 0
2020-04-28 10:27:38.473+0000 INFO [o.n.i.d.DiagnosticsManager] LAST_TRANSACTION_ID (Last committed transaction): 121
2020-04-28 10:27:38.473+0000 INFO [o.n.i.d.DiagnosticsManager] STORE_VERSION (Store format version): 16094931155187206
2020-04-28 10:27:38.473+0000 INFO [o.n.i.d.DiagnosticsManager] FIRST_GRAPH_PROPERTY (First property record containing graph properties): -1
2020-04-28 10:27:38.474+0000 INFO [o.n.i.d.DiagnosticsManager] LAST_CONSTRAINT_TRANSACTION (Last committed transaction containing constraint changes): 22
2020-04-28 10:27:38.475+0000 INFO [o.n.i.d.DiagnosticsManager] UPGRADE_TRANSACTION_ID (Transaction id most recent upgrade was performed at): 1
2020-04-28 10:27:38.475+0000 INFO [o.n.i.d.DiagnosticsManager] UPGRADE_TIME (Time of last upgrade): 1584939384401
2020-04-28 10:27:38.476+0000 INFO [o.n.i.d.DiagnosticsManager] LAST_TRANSACTION_CHECKSUM (Checksum of last committed transaction): -162036934317
2020-04-28 10:27:38.477+0000 INFO [o.n.i.d.DiagnosticsManager] UPGRADE_TRANSACTION_CHECKSUM (Checksum of transaction id the most recent upgrade was performed at): 0
2020-04-28 10:27:38.477+0000 INFO [o.n.i.d.DiagnosticsManager] LAST_CLOSED_TRANSACTION_LOG_VERSION (Log version where the last transaction commit entry has been written into): 0
2020-04-28 10:27:38.478+0000 INFO [o.n.i.d.DiagnosticsManager] LAST_CLOSED_TRANSACTION_LOG_BYTE_OFFSET (Byte offset in the log file where the last transaction commit entry has been written into): 16
2020-04-28 10:27:38.478+0000 INFO [o.n.i.d.DiagnosticsManager] LAST_TRANSACTION_COMMIT_TIMESTAMP (Commit time timestamp for last committed transaction): 1587180776343
2020-04-28 10:27:38.478+0000 INFO [o.n.i.d.DiagnosticsManager] UPGRADE_TRANSACTION_COMMIT_TIMESTAMP (Commit timestamp of transaction the most recent upgrade was performed at): 0
2020-04-28 10:27:38.479+0000 INFO [o.n.i.d.DiagnosticsManager] --- STARTED diagnostics for NEO_STORE_RECORDS END ---
2020-04-28 10:27:38.479+0000 INFO [o.n.i.d.DiagnosticsManager] --- STARTED diagnostics for TRANSACTION_RANGE START ---
2020-04-28 10:27:38.479+0000 INFO [o.n.i.d.DiagnosticsManager] Transaction log:
2020-04-28 10:27:38.482+0000 INFO [o.n.i.d.DiagnosticsManager] Oldest transaction 2 found in log with version 0
2020-04-28 10:27:38.482+0000 INFO [o.n.i.d.DiagnosticsManager] --- STARTED diagnostics for TRANSACTION_RANGE END ---
2020-04-28 10:27:38.483+0000 INFO [o.n.i.d.DiagnosticsManager] --- STARTED diagnostics for KernelDiagnostics:StoreFiles START ---
2020-04-28 10:27:38.488+0000 INFO [o.n.i.d.DiagnosticsManager] Disk space on partition (Total / Free / Free %): 403396620288 / 85273051136 / 21
2020-04-28 10:27:38.489+0000 INFO [o.n.i.d.DiagnosticsManager] Storage files: (filename : modification date - size)
2020-04-28 10:27:38.491+0000 INFO [o.n.i.d.DiagnosticsManager]   debug.log: 2020-04-28T18:27:38+0800 - 74.73 kB
2020-04-28 10:27:38.492+0000 INFO [o.n.i.d.DiagnosticsManager]   debug.log.1588069654017: 2020-04-28T18:27:37+0800 - 90.65 kB
2020-04-28 10:27:38.493+0000 INFO [o.n.i.d.DiagnosticsManager]   index:
2020-04-28 10:27:38.494+0000 INFO [o.n.i.d.DiagnosticsManager]   - Total: 2020-04-28T18:27:38+0800 - 0.00 B
2020-04-28 10:27:38.494+0000 INFO [o.n.i.d.DiagnosticsManager]   metrics:
2020-04-28 10:27:38.495+0000 INFO [o.n.i.d.DiagnosticsManager]   - Total: 2020-04-28T18:27:35+0800 - 0.00 B
2020-04-28 10:27:38.496+0000 INFO [o.n.i.d.DiagnosticsManager]   neostore: 2020-04-28T18:27:34+0800 - 8.00 kB
2020-04-28 10:27:38.497+0000 INFO [o.n.i.d.DiagnosticsManager]   neostore.counts.db.a: 2020-04-28T18:27:34+0800 - 896.00 B
2020-04-28 10:27:38.497+0000 INFO [o.n.i.d.DiagnosticsManager]   neostore.counts.db.b: 2020-04-28T18:27:34+0800 - 896.00 B
2020-04-28 10:27:38.499+0000 INFO [o.n.i.d.DiagnosticsManager]   neostore.id: 2020-04-28T18:27:38+0800 - 9.00 B
2020-04-28 10:27:38.499+0000 INFO [o.n.i.d.DiagnosticsManager]   neostore.labelscanstore.db: 2020-04-28T18:27:38+0800 - 48.00 kB
2020-04-28 10:27:38.501+0000 INFO [o.n.i.d.DiagnosticsManager]   neostore.labeltokenstore.db: 2020-04-28T18:27:34+0800 - 8.00 kB
2020-04-28 10:27:38.502+0000 INFO [o.n.i.d.DiagnosticsManager]   neostore.labeltokenstore.db.id: 2020-04-28T18:27:38+0800 - 9.00 B
2020-04-28 10:27:38.502+0000 INFO [o.n.i.d.DiagnosticsManager]   neostore.labeltokenstore.db.names: 2020-04-28T18:27:34+0800 - 8.00 kB
2020-04-28 10:27:38.504+0000 INFO [o.n.i.d.DiagnosticsManager]   neostore.labeltokenstore.db.names.id: 2020-04-28T18:27:38+0800 - 9.00 B
2020-04-28 10:27:38.505+0000 INFO [o.n.i.d.DiagnosticsManager]   neostore.nodestore.db: 2020-04-28T18:27:34+0800 - 327.92 kB
2020-04-28 10:27:38.506+0000 INFO [o.n.i.d.DiagnosticsManager]   neostore.nodestore.db.id: 2020-04-28T18:27:38+0800 - 9.00 B
2020-04-28 10:27:38.507+0000 INFO [o.n.i.d.DiagnosticsManager]   neostore.nodestore.db.labels: 2020-04-28T18:27:34+0800 - 8.00 kB
2020-04-28 10:27:38.507+0000 INFO [o.n.i.d.DiagnosticsManager]   neostore.nodestore.db.labels.id: 2020-04-28T18:27:38+0800 - 9.00 B
2020-04-28 10:27:38.509+0000 INFO [o.n.i.d.DiagnosticsManager]   neostore.propertystore.db: 2020-04-28T18:27:34+0800 - 2.18 MB
2020-04-28 10:27:38.509+0000 INFO [o.n.i.d.DiagnosticsManager]   neostore.propertystore.db.arrays: 2020-04-28T18:27:34+0800 - 8.00 kB
2020-04-28 10:27:38.510+0000 INFO [o.n.i.d.DiagnosticsManager]   neostore.propertystore.db.arrays.id: 2020-04-28T18:27:38+0800 - 9.00 B
2020-04-28 10:27:38.511+0000 INFO [o.n.i.d.DiagnosticsManager]   neostore.propertystore.db.id: 2020-04-28T18:27:38+0800 - 9.00 B
2020-04-28 10:27:38.512+0000 INFO [o.n.i.d.DiagnosticsManager]   neostore.propertystore.db.index: 2020-04-28T18:27:34+0800 - 8.00 kB
2020-04-28 10:27:38.513+0000 INFO [o.n.i.d.DiagnosticsManager]   neostore.propertystore.db.index.id: 2020-04-28T18:27:38+0800 - 9.00 B
2020-04-28 10:27:38.514+0000 INFO [o.n.i.d.DiagnosticsManager]   neostore.propertystore.db.index.keys: 2020-04-28T18:27:34+0800 - 8.00 kB
2020-04-28 10:27:38.515+0000 INFO [o.n.i.d.DiagnosticsManager]   neostore.propertystore.db.index.keys.id: 2020-04-28T18:27:38+0800 - 9.00 B
2020-04-28 10:27:38.516+0000 INFO [o.n.i.d.DiagnosticsManager]   neostore.propertystore.db.strings: 2020-04-28T18:27:34+0800 - 416.00 kB
2020-04-28 10:27:38.517+0000 INFO [o.n.i.d.DiagnosticsManager]   neostore.propertystore.db.strings.id: 2020-04-28T18:27:38+0800 - 9.00 B
2020-04-28 10:27:38.518+0000 INFO [o.n.i.d.DiagnosticsManager]   neostore.relationshipgroupstore.db: 2020-04-28T18:27:34+0800 - 8.00 kB
2020-04-28 10:27:38.519+0000 INFO [o.n.i.d.DiagnosticsManager]   neostore.relationshipgroupstore.db.id: 2020-04-28T18:27:38+0800 - 9.00 B
2020-04-28 10:27:38.520+0000 INFO [o.n.i.d.DiagnosticsManager]   neostore.relationshipstore.db: 2020-04-28T18:27:34+0800 - 757.03 kB
2020-04-28 10:27:38.521+0000 INFO [o.n.i.d.DiagnosticsManager]   neostore.relationshipstore.db.id: 2020-04-28T18:27:38+0800 - 9.00 B
2020-04-28 10:27:38.522+0000 INFO [o.n.i.d.DiagnosticsManager]   neostore.relationshiptypestore.db: 2020-04-28T18:27:34+0800 - 8.00 kB
2020-04-28 10:27:38.523+0000 INFO [o.n.i.d.DiagnosticsManager]   neostore.relationshiptypestore.db.id: 2020-04-28T18:27:38+0800 - 9.00 B
2020-04-28 10:27:38.524+0000 INFO [o.n.i.d.DiagnosticsManager]   neostore.relationshiptypestore.db.names: 2020-04-28T18:27:34+0800 - 8.00 kB
2020-04-28 10:27:38.525+0000 INFO [o.n.i.d.DiagnosticsManager]   neostore.relationshiptypestore.db.names.id: 2020-04-28T18:27:38+0800 - 9.00 B
2020-04-28 10:27:38.525+0000 INFO [o.n.i.d.DiagnosticsManager]   neostore.schemastore.db: 2020-04-28T18:27:34+0800 - 8.00 kB
2020-04-28 10:27:38.526+0000 INFO [o.n.i.d.DiagnosticsManager]   neostore.schemastore.db.id: 2020-04-28T18:27:38+0800 - 9.00 B
2020-04-28 10:27:38.527+0000 INFO [o.n.i.d.DiagnosticsManager]   neostore.transaction.db.0: 2020-04-28T18:27:37+0800 - 52.00 B
2020-04-28 10:27:38.528+0000 INFO [o.n.i.d.DiagnosticsManager]   profiles:
2020-04-28 10:27:38.529+0000 INFO [o.n.i.d.DiagnosticsManager]     neostore.2732.cacheprof: 2020-04-28T18:27:34+0800 - 21.00 B
2020-04-28 10:27:38.530+0000 INFO [o.n.i.d.DiagnosticsManager]     neostore.counts.db.a.1524.cacheprof: 2020-04-28T18:27:34+0800 - 21.00 B
2020-04-28 10:27:38.531+0000 INFO [o.n.i.d.DiagnosticsManager]     neostore.counts.db.b.1207.cacheprof: 2020-04-28T18:27:34+0800 - 21.00 B
2020-04-28 10:27:38.531+0000 INFO [o.n.i.d.DiagnosticsManager]     neostore.labelscanstore.db.2732.cacheprof: 2020-04-28T18:27:34+0800 - 21.00 B
2020-04-28 10:27:38.532+0000 INFO [o.n.i.d.DiagnosticsManager]     neostore.labeltokenstore.db.2732.cacheprof: 2020-04-28T18:27:34+0800 - 21.00 B
2020-04-28 10:27:38.533+0000 INFO [o.n.i.d.DiagnosticsManager]     neostore.labeltokenstore.db.names.2732.cacheprof: 2020-04-28T18:27:34+0800 - 21.00 B
2020-04-28 10:27:38.534+0000 INFO [o.n.i.d.DiagnosticsManager]     neostore.nodestore.db.2732.cacheprof: 2020-04-28T18:27:34+0800 - 24.00 B
2020-04-28 10:27:38.535+0000 INFO [o.n.i.d.DiagnosticsManager]     neostore.nodestore.db.labels.2732.cacheprof: 2020-04-28T18:27:34+0800 - 21.00 B
2020-04-28 10:27:38.536+0000 INFO [o.n.i.d.DiagnosticsManager]     neostore.propertystore.db.2732.cacheprof: 2020-04-28T18:27:34+0800 - 25.00 B
2020-04-28 10:27:38.537+0000 INFO [o.n.i.d.DiagnosticsManager]     neostore.propertystore.db.arrays.2732.cacheprof: 2020-04-28T18:27:34+0800 - 21.00 B
2020-04-28 10:27:38.538+0000 INFO [o.n.i.d.DiagnosticsManager]     neostore.propertystore.db.index.2732.cacheprof: 2020-04-28T18:27:34+0800 - 21.00 B
2020-04-28 10:27:38.539+0000 INFO [o.n.i.d.DiagnosticsManager]     neostore.propertystore.db.index.keys.2732.cacheprof: 2020-04-28T18:27:34+0800 - 21.00 B
2020-04-28 10:27:38.540+0000 INFO [o.n.i.d.DiagnosticsManager]     neostore.propertystore.db.strings.2732.cacheprof: 2020-04-28T18:27:34+0800 - 24.00 B
2020-04-28 10:27:38.541+0000 INFO [o.n.i.d.DiagnosticsManager]     neostore.relationshipgroupstore.db.2732.cacheprof: 2020-04-28T18:27:34+0800 - 21.00 B
2020-04-28 10:27:38.542+0000 INFO [o.n.i.d.DiagnosticsManager]     neostore.relationshipstore.db.2732.cacheprof: 2020-04-28T18:27:34+0800 - 24.00 B
2020-04-28 10:27:38.542+0000 INFO [o.n.i.d.DiagnosticsManager]     neostore.relationshiptypestore.db.2732.cacheprof: 2020-04-28T18:27:34+0800 - 21.00 B
2020-04-28 10:27:38.543+0000 INFO [o.n.i.d.DiagnosticsManager]     neostore.relationshiptypestore.db.names.2732.cacheprof: 2020-04-28T18:27:34+0800 - 21.00 B
2020-04-28 10:27:38.544+0000 INFO [o.n.i.d.DiagnosticsManager]     neostore.schemastore.db.2732.cacheprof: 2020-04-28T18:27:34+0800 - 21.00 B
2020-04-28 10:27:38.544+0000 INFO [o.n.i.d.DiagnosticsManager]   - Total: 2020-04-28T18:27:37+0800 - 391.00 B
2020-04-28 10:27:38.545+0000 INFO [o.n.i.d.DiagnosticsManager]   schema:
2020-04-28 10:27:38.546+0000 INFO [o.n.i.d.DiagnosticsManager]     index:
2020-04-28 10:27:38.547+0000 INFO [o.n.i.d.DiagnosticsManager]       native-btree-1.0:
2020-04-28 10:27:38.548+0000 INFO [o.n.i.d.DiagnosticsManager]         1:
2020-04-28 10:27:38.549+0000 INFO [o.n.i.d.DiagnosticsManager]           index-1: 2020-04-28T18:27:38+0800 - 96.00 kB
2020-04-28 10:27:38.549+0000 INFO [o.n.i.d.DiagnosticsManager]           profiles:
2020-04-28 10:27:38.551+0000 INFO [o.n.i.d.DiagnosticsManager]             index-1.2731.cacheprof: 2020-04-28T18:27:34+0800 - 22.00 B
2020-04-28 10:27:38.551+0000 INFO [o.n.i.d.DiagnosticsManager]           - Total: 2020-04-28T18:27:37+0800 - 22.00 B
2020-04-28 10:27:38.552+0000 INFO [o.n.i.d.DiagnosticsManager]         - Total: 2020-04-28T18:27:37+0800 - 96.02 kB
2020-04-28 10:27:38.553+0000 INFO [o.n.i.d.DiagnosticsManager]         15:
2020-04-28 10:27:38.554+0000 INFO [o.n.i.d.DiagnosticsManager]           index-15: 2020-04-28T18:27:38+0800 - 1.10 MB
2020-04-28 10:27:38.555+0000 INFO [o.n.i.d.DiagnosticsManager]           profiles:
2020-04-28 10:27:38.556+0000 INFO [o.n.i.d.DiagnosticsManager]             index-15.2657.cacheprof: 2020-04-28T18:27:34+0800 - 25.00 B
2020-04-28 10:27:38.556+0000 INFO [o.n.i.d.DiagnosticsManager]           - Total: 2020-04-28T18:27:37+0800 - 25.00 B
2020-04-28 10:27:38.557+0000 INFO [o.n.i.d.DiagnosticsManager]         - Total: 2020-04-28T18:27:37+0800 - 1.10 MB
2020-04-28 10:27:38.558+0000 INFO [o.n.i.d.DiagnosticsManager]         8:
2020-04-28 10:27:38.559+0000 INFO [o.n.i.d.DiagnosticsManager]           index-8: 2020-04-28T18:27:38+0800 - 48.00 kB
2020-04-28 10:27:38.560+0000 INFO [o.n.i.d.DiagnosticsManager]           profiles:
2020-04-28 10:27:38.561+0000 INFO [o.n.i.d.DiagnosticsManager]             index-8.2703.cacheprof: 2020-04-28T18:27:34+0800 - 21.00 B
2020-04-28 10:27:38.562+0000 INFO [o.n.i.d.DiagnosticsManager]           - Total: 2020-04-28T18:27:37+0800 - 21.00 B
2020-04-28 10:27:38.563+0000 INFO [o.n.i.d.DiagnosticsManager]         - Total: 2020-04-28T18:27:37+0800 - 48.02 kB
2020-04-28 10:27:38.563+0000 INFO [o.n.i.d.DiagnosticsManager]       - Total: 2020-04-28T18:27:37+0800 - 1.24 MB
2020-04-28 10:27:38.563+0000 INFO [o.n.i.d.DiagnosticsManager]     - Total: 2020-04-28T18:27:37+0800 - 1.24 MB
2020-04-28 10:27:38.564+0000 INFO [o.n.i.d.DiagnosticsManager]   - Total: 2020-04-28T18:27:37+0800 - 1.24 MB
2020-04-28 10:27:38.565+0000 INFO [o.n.i.d.DiagnosticsManager] Storage summary: 
2020-04-28 10:27:38.565+0000 INFO [o.n.i.d.DiagnosticsManager]   Total size of store: 5.18 MB
2020-04-28 10:27:38.566+0000 INFO [o.n.i.d.DiagnosticsManager]   Total size of mapped files: 5.02 MB
2020-04-28 10:27:38.566+0000 INFO [o.n.i.d.DiagnosticsManager] --- STARTED diagnostics for KernelDiagnostics:StoreFiles END ---
2020-04-28 10:27:38.567+0000 INFO [o.n.k.a.DatabaseAvailabilityGuard] Fulfilling of requirement 'Database available' makes database neo4jbackup available.
2020-04-28 10:27:38.567+0000 INFO [o.n.k.a.DatabaseAvailabilityGuard] Database neo4jbackup is ready.
2020-04-28 10:27:38.567+0000 INFO [o.n.k.i.DatabaseHealth] Database health set to OK
2020-04-28 10:27:38.571+0000 INFO [o.n.m.MetricsExtension] Sending metrics to CSV file at C:\Users\o4516\.Neo4jDesktop\neo4jDatabases\database-4b432332-0e92-498d-8619-a37ee2897332\installation-3.5.12\metrics
2020-04-28 10:27:38.579+0000 INFO [o.n.c.s.ExternallyManagedPageCache$GraphDatabaseFactoryWithPageCacheFactory$1] Shutdown started
2020-04-28 10:27:38.580+0000 INFO [o.n.k.a.DatabaseAvailabilityGuard] Database neo4jbackup is unavailable.
2020-04-28 10:27:38.581+0000 INFO [o.n.c.s.ExternallyManagedPageCache$GraphDatabaseFactoryWithPageCacheFactory$1] Shutting down 'neo4jbackup' database.
2020-04-28 10:27:38.582+0000 INFO [o.n.c.s.ExternallyManagedPageCache$GraphDatabaseFactoryWithPageCacheFactory$1] Shutdown started
2020-04-28 10:27:38.582+0000 INFO [o.n.k.i.t.l.c.CheckPointerImpl] Checkpoint triggered by "Database shutdown" @ txId: 121 checkpoint started...
2020-04-28 10:27:38.598+0000 INFO [o.n.k.i.t.l.c.CheckPointerImpl] Checkpoint triggered by "Database shutdown" @ txId: 121 checkpoint completed in 15ms
2020-04-28 10:27:38.598+0000 INFO [o.n.k.i.t.l.p.LogPruningImpl] No log version pruned, last checkpoint was made in version 0
2020-04-28 10:27:38.665+0000 INFO [o.n.i.d.DiagnosticsManager] --- STOPPING diagnostics START ---
2020-04-28 10:27:38.665+0000 INFO [o.n.i.d.DiagnosticsManager] --- STOPPING diagnostics END ---
